2025-11-03T17:22:40.404+0500 [DEBUG] [org.gradle.launcher.daemon.bootstrap.DaemonMain] Assuming the daemon was started with following jvm opts: [-XX:MaxMetaspaceSize=384m, -XX:+HeapDumpOnOutOfMemoryError, -Xms256m, -Xmx512m, -Dfile.encoding=UTF-8, -Duser.country=US, -Duser.language=en, -Duser.variant]
2025-11-03T17:22:40.516+0500 [DEBUG] [org.gradle.internal.remote.internal.inet.InetAddresses] Adding IP addresses for network interface wlp45s0
2025-11-03T17:22:40.517+0500 [DEBUG] [org.gradle.internal.remote.internal.inet.InetAddresses] Is this a loopback interface? false
2025-11-03T17:22:40.518+0500 [DEBUG] [org.gradle.internal.remote.internal.inet.InetAddresses] Adding remote address /fd01:0:0:0:616e:acf7:363f:accb%wlp45s0
2025-11-03T17:22:40.518+0500 [DEBUG] [org.gradle.internal.remote.internal.inet.InetAddresses] Adding remote address /fe80:0:0:0:b567:23f6:45e9:e0cd%wlp45s0
2025-11-03T17:22:40.518+0500 [DEBUG] [org.gradle.internal.remote.internal.inet.InetAddresses] Adding remote address /fd01:0:0:0:8f09:300c:e329:e477%wlp45s0
2025-11-03T17:22:40.518+0500 [DEBUG] [org.gradle.internal.remote.internal.inet.InetAddresses] Adding remote address /192.168.0.163
2025-11-03T17:22:40.518+0500 [DEBUG] [org.gradle.internal.remote.internal.inet.InetAddresses] Adding IP addresses for network interface lo
2025-11-03T17:22:40.518+0500 [DEBUG] [org.gradle.internal.remote.internal.inet.InetAddresses] Is this a loopback interface? true
2025-11-03T17:22:40.519+0500 [DEBUG] [org.gradle.internal.remote.internal.inet.InetAddresses] Adding loopback address /0:0:0:0:0:0:0:1%lo
2025-11-03T17:22:40.519+0500 [DEBUG] [org.gradle.internal.remote.internal.inet.InetAddresses] Adding loopback address /127.0.0.1
2025-11-03T17:22:40.544+0500 [INFO] [org.gradle.launcher.daemon.server.Daemon] start() called on daemon - DefaultDaemonContext[uid=16b10976-0409-4b25-b684-5a708ba59092,javaHome=/usr/lib/jvm/java-21-openjdk-amd64,javaVersion=21,javaVendor=Ubuntu,daemonRegistryDir=/home/danil/Desktop/OOP_PROJECT/~/.gradle/daemon,pid=42364,idleTimeout=10800000,priority=NORMAL,applyInstrumentationAgent=true,nativeServicesMode=ENABLED,daemonOpts=-XX:MaxMetaspaceSize=384m,-XX:+HeapDumpOnOutOfMemoryError,-Xms256m,-Xmx512m,-Dfile.encoding=UTF-8,-Duser.country=US,-Duser.language=en,-Duser.variant]
2025-11-03T17:22:40.574+0500 [DEBUG] [org.gradle.internal.remote.internal.inet.TcpIncomingConnector] Listening on [7cac397e-b739-48a6-ad08-ca19fd2f6868 port:36681, addresses:[localhost/127.0.0.1]].
2025-11-03T17:22:40.594+0500 [DEBUG] [org.gradle.launcher.daemon.server.Daemon] Daemon starting at: Mon Nov 03 17:22:40 AQTT 2025, with address: [7cac397e-b739-48a6-ad08-ca19fd2f6868 port:36681, addresses:[localhost/127.0.0.1]]
2025-11-03T17:22:40.595+0500 [INFO] [org.gradle.launcher.daemon.server.DaemonRegistryUpdater] Advertising the daemon address to the clients: [7cac397e-b739-48a6-ad08-ca19fd2f6868 port:36681, addresses:[localhost/127.0.0.1]]
2025-11-03T17:22:40.595+0500 [DEBUG] [org.gradle.launcher.daemon.server.DaemonRegistryUpdater] Advertised daemon context: DefaultDaemonContext[uid=16b10976-0409-4b25-b684-5a708ba59092,javaHome=/usr/lib/jvm/java-21-openjdk-amd64,javaVersion=21,javaVendor=Ubuntu,daemonRegistryDir=/home/danil/Desktop/OOP_PROJECT/~/.gradle/daemon,pid=42364,idleTimeout=10800000,priority=NORMAL,applyInstrumentationAgent=true,nativeServicesMode=ENABLED,daemonOpts=-XX:MaxMetaspaceSize=384m,-XX:+HeapDumpOnOutOfMemoryError,-Xms256m,-Xmx512m,-Dfile.encoding=UTF-8,-Duser.country=US,-Duser.language=en,-Duser.variant]
2025-11-03T17:22:40.597+0500 [DEBUG] [org.gradle.launcher.daemon.registry.PersistentDaemonRegistry] Storing daemon address: [7cac397e-b739-48a6-ad08-ca19fd2f6868 port:36681, addresses:[localhost/127.0.0.1]], context: DefaultDaemonContext[uid=16b10976-0409-4b25-b684-5a708ba59092,javaHome=/usr/lib/jvm/java-21-openjdk-amd64,javaVersion=21,javaVendor=Ubuntu,daemonRegistryDir=/home/danil/Desktop/OOP_PROJECT/~/.gradle/daemon,pid=42364,idleTimeout=10800000,priority=NORMAL,applyInstrumentationAgent=true,nativeServicesMode=ENABLED,daemonOpts=-XX:MaxMetaspaceSize=384m,-XX:+HeapDumpOnOutOfMemoryError,-Xms256m,-Xmx512m,-Dfile.encoding=UTF-8,-Duser.country=US,-Duser.language=en,-Duser.variant]
2025-11-03T17:22:40.607+0500 [DEBUG] [org.gradle.cache.internal.DefaultFileLockManager] Waiting to acquire exclusive lock on daemon addresses registry.
2025-11-03T17:22:40.611+0500 [DEBUG] [org.gradle.cache.internal.DefaultFileLockManager] Lock acquired on daemon addresses registry.
2025-11-03T17:22:40.619+0500 [DEBUG] [org.gradle.cache.internal.DefaultFileLockManager] Releasing lock on daemon addresses registry.
2025-11-03T17:22:40.620+0500 [LIFECYCLE] [org.gradle.launcher.daemon.server.Daemon] Daemon server started.
2025-11-03T17:22:40.622+0500 [DEBUG] [org.gradle.launcher.daemon.bootstrap.DaemonStartupCommunication] Completed writing the daemon greeting. Closing streams...
2025-11-03T17:22:40.636+0500 [DEBUG] [org.gradle.internal.remote.internal.inet.TcpIncomingConnector] Accepted connection from /127.0.0.1:59078 to /127.0.0.1:36681.
2025-11-03T17:22:40.637+0500 [DEBUG] [org.gradle.launcher.daemon.server.Daemon] stopOnExpiration() called on daemon
2025-11-03T17:22:40.639+0500 [DEBUG] [org.gradle.launcher.daemon.server.Daemon] awaitExpiration() called on daemon
2025-11-03T17:22:40.641+0500 [DEBUG] [org.gradle.launcher.daemon.server.DaemonStateCoordinator] daemon is running. Sleeping until state changes.
2025-11-03T17:22:40.687+0500 [DEBUG] [org.gradle.launcher.daemon.server.SynchronizedDispatchConnection] thread 40: received class org.gradle.launcher.daemon.protocol.Build
2025-11-03T17:22:40.688+0500 [DEBUG] [org.gradle.launcher.daemon.server.DefaultDaemonConnection] thread 40: Received non-IO message from client: Build{id=0aa79187-52fe-4a89-b452-7eeff7f6663c, currentDir=/home/danil/.vscode/extensions/vscjava.vscode-gradle-3.17.2025090802/lib}
2025-11-03T17:22:40.689+0500 [INFO] [org.gradle.launcher.daemon.server.DefaultIncomingConnectionHandler] Received command: Build{id=0aa79187-52fe-4a89-b452-7eeff7f6663c, currentDir=/home/danil/.vscode/extensions/vscjava.vscode-gradle-3.17.2025090802/lib}.
2025-11-03T17:22:40.689+0500 [DEBUG] [org.gradle.launcher.daemon.server.DefaultIncomingConnectionHandler] Starting executing command: Build{id=0aa79187-52fe-4a89-b452-7eeff7f6663c, currentDir=/home/danil/.vscode/extensions/vscjava.vscode-gradle-3.17.2025090802/lib} with connection: socket connection from /127.0.0.1:36681 to /127.0.0.1:59078.
2025-11-03T17:22:40.693+0500 [DEBUG] [org.gradle.launcher.daemon.server.DaemonStateCoordinator] Command execution: started DaemonCommandExecution[command = Build{id=0aa79187-52fe-4a89-b452-7eeff7f6663c, currentDir=/home/danil/.vscode/extensions/vscjava.vscode-gradle-3.17.2025090802/lib}, connection = DefaultDaemonConnection: socket connection from /127.0.0.1:36681 to /127.0.0.1:59078] after 0.0020666666666666667 minutes of idle
2025-11-03T17:22:40.693+0500 [INFO] [org.gradle.launcher.daemon.server.DaemonRegistryUpdater] Marking the daemon as busy, address: [7cac397e-b739-48a6-ad08-ca19fd2f6868 port:36681, addresses:[localhost/127.0.0.1]]
2025-11-03T17:22:40.694+0500 [DEBUG] [org.gradle.launcher.daemon.registry.PersistentDaemonRegistry] Marking busy by address: [7cac397e-b739-48a6-ad08-ca19fd2f6868 port:36681, addresses:[localhost/127.0.0.1]]
2025-11-03T17:22:40.694+0500 [DEBUG] [org.gradle.cache.internal.DefaultFileLockManager] Waiting to acquire exclusive lock on daemon addresses registry.
2025-11-03T17:22:40.694+0500 [DEBUG] [org.gradle.cache.internal.DefaultFileLockManager] Lock acquired on daemon addresses registry.
2025-11-03T17:22:40.695+0500 [DEBUG] [org.gradle.cache.internal.DefaultFileLockManager] Releasing lock on daemon addresses registry.
2025-11-03T17:22:40.695+0500 [DEBUG] [org.gradle.launcher.daemon.server.DaemonStateCoordinator] resetting idle timer
2025-11-03T17:22:40.695+0500 [DEBUG] [org.gradle.launcher.daemon.server.DaemonStateCoordinator] daemon is running. Sleeping until state changes.
2025-11-03T17:22:40.696+0500 [INFO] [org.gradle.launcher.daemon.server.exec.StartBuildOrRespondWithBusy] Daemon is about to start building Build{id=0aa79187-52fe-4a89-b452-7eeff7f6663c, currentDir=/home/danil/.vscode/extensions/vscjava.vscode-gradle-3.17.2025090802/lib}. Dispatching build started information...
2025-11-03T17:22:40.696+0500 [DEBUG] [org.gradle.launcher.daemon.server.SynchronizedDispatchConnection] thread 42: dispatching org.gradle.launcher.daemon.protocol.BuildStarted@2274f6dc
2025-11-03T17:22:40.699+0500 [DEBUG] [org.gradle.launcher.daemon.server.exec.EstablishBuildEnvironment] Configuring env variables: [PATH, XAUTHORITY, LC_MEASUREMENT, LC_TELEPHONE, XDG_DATA_DIRS, GDMSESSION, GRADLE_SERVER_OPTS, DBUS_SESSION_BUS_ADDRESS, VSCODE_PID, XDG_CURRENT_DESKTOP, SSH_AGENT_PID, CLUTTER_BACKEND, COLORTERM, LC_PAPER, SDKMAN_DIR, SESSION_MANAGER, LOGNAME, PWD, VSCODE_NLS_CONFIG, SDKMAN_BROKER_API, LANGUAGE, WINDOWID, SHELL, LESSOPEN, VSCODE_CRASH_REPORTER_PROCESS_TYPE, CHROME_DESKTOP, LC_ADDRESS, SDKMAN_CANDIDATES_API, OLDPWD, VSCODE_CODE_CACHE_PATH, ORIGINAL_XDG_CURRENT_DESKTOP, GTK_MODULES, VSCODE_CLI, XDG_SESSION_PATH, LS_COLORS, XDG_SESSION_DESKTOP, SHLVL, LC_IDENTIFICATION, VSCODE_JAVA_HOME, LESSCLOSE, LC_MONETARY, COMPIZ_CONFIG_PROFILE, VSCODE_HANDLES_UNCAUGHT_ERRORS, ELECTRON_NO_ATTACH_CONSOLE, TERM, XDG_CONFIG_DIRS, XDG_SEAT_PATH, LANG, XDG_SESSION_ID, XDG_SESSION_TYPE, GRADLE_HOME, DISPLAY, ELECTRON_RUN_AS_NODE, NVM_INC, LC_NAME, SDKMAN_CANDIDATES_DIR, XDG_SESSION_CLASS, _, VSCODE_CWD, GDM_LANG, NVM_DIR, VSCODE_ESM_ENTRYPOINT, GDK_BACKEND, GTK3_MODULES, XDG_GREETER_DATA_DIR, DESKTOP_SESSION, SDKMAN_PLATFORM, USER, XDG_MENU_PREFIX, QT_ACCESSIBILITY, VTE_VERSION, LC_NUMERIC, XDG_SEAT, SSH_AUTH_SOCK, XDG_VTNR, XDG_RUNTIME_DIR, NVM_BIN, HOME, VSCODE_IPC_HOOK]
2025-11-03T17:22:40.706+0500 [DEBUG] [org.gradle.launcher.daemon.server.exec.LogToClient] About to start relaying all logs to the client via the connection.
2025-11-03T17:22:40.707+0500 [INFO] [org.gradle.launcher.daemon.server.exec.LogToClient] The client will now receive all logging from the daemon (pid: 42364). The daemon log file: /home/danil/Desktop/OOP_PROJECT/~/.gradle/daemon/9.0.0/daemon-42364.out.log
2025-11-03T17:22:40.710+0500 [INFO] [org.gradle.launcher.daemon.server.exec.LogAndCheckHealth] Starting build in new daemon [memory: 512 MiB]
2025-11-03T17:22:40.715+0500 [DEBUG] [org.gradle.launcher.daemon.server.exec.ExecuteBuild] The daemon has started executing the build.
2025-11-03T17:22:40.716+0500 [DEBUG] [org.gradle.launcher.daemon.server.exec.ExecuteBuild] Executing build with daemon context: DefaultDaemonContext[uid=16b10976-0409-4b25-b684-5a708ba59092,javaHome=/usr/lib/jvm/java-21-openjdk-amd64,javaVersion=21,javaVendor=Ubuntu,daemonRegistryDir=/home/danil/Desktop/OOP_PROJECT/~/.gradle/daemon,pid=42364,idleTimeout=10800000,priority=NORMAL,applyInstrumentationAgent=true,nativeServicesMode=ENABLED,daemonOpts=-XX:MaxMetaspaceSize=384m,-XX:+HeapDumpOnOutOfMemoryError,-Xms256m,-Xmx512m,-Dfile.encoding=UTF-8,-Duser.country=US,-Duser.language=en,-Duser.variant]

CONFIGURE SUCCESSFUL in 8s
2025-11-03T17:22:46.623+0500 [DEBUG] [org.gradle.launcher.daemon.server.exec.ExecuteBuild] The daemon has finished executing the build.
2025-11-03T17:22:46.642+0500 [DEBUG] [org.gradle.launcher.daemon.server.DaemonStateCoordinator] daemon is running. Sleeping until state changes.
2025-11-03T17:22:46.646+0500 [DEBUG] [org.gradle.launcher.daemon.server.DaemonStateCoordinator] Command execution: finished waiting for DaemonCommandExecution[command = Build{id=0aa79187-52fe-4a89-b452-7eeff7f6663c, currentDir=/home/danil/.vscode/extensions/vscjava.vscode-gradle-3.17.2025090802/lib}, connection = DefaultDaemonConnection: socket connection from /127.0.0.1:36681 to /127.0.0.1:59078]. Result org.gradle.launcher.daemon.server.DaemonStateCoordinator@6a0d4ad2 with state Busy
2025-11-03T17:22:46.648+0500 [DEBUG] [org.gradle.launcher.daemon.server.DaemonStateCoordinator] Command execution: completed DaemonCommandExecution[command = Build{id=0aa79187-52fe-4a89-b452-7eeff7f6663c, currentDir=/home/danil/.vscode/extensions/vscjava.vscode-gradle-3.17.2025090802/lib}, connection = DefaultDaemonConnection: socket connection from /127.0.0.1:36681 to /127.0.0.1:59078]
2025-11-03T17:22:46.648+0500 [DEBUG] [org.gradle.launcher.daemon.server.DaemonStateCoordinator] resetting idle timer
2025-11-03T17:22:46.649+0500 [INFO] [org.gradle.launcher.daemon.server.DaemonRegistryUpdater] Marking the daemon as idle, address: [7cac397e-b739-48a6-ad08-ca19fd2f6868 port:36681, addresses:[localhost/127.0.0.1]]
2025-11-03T17:22:46.650+0500 [DEBUG] [org.gradle.launcher.daemon.registry.PersistentDaemonRegistry] Marking busy by address: [7cac397e-b739-48a6-ad08-ca19fd2f6868 port:36681, addresses:[localhost/127.0.0.1]]
2025-11-03T17:22:46.650+0500 [DEBUG] [org.gradle.cache.internal.DefaultFileLockManager] Waiting to acquire exclusive lock on daemon addresses registry.
2025-11-03T17:22:46.651+0500 [DEBUG] [org.gradle.cache.internal.DefaultFileLockManager] Lock acquired on daemon addresses registry.
2025-11-03T17:22:46.653+0500 [DEBUG] [org.gradle.cache.internal.DefaultFileLockManager] Releasing lock on daemon addresses registry.
2025-11-03T17:22:46.653+0500 [DEBUG] [org.gradle.launcher.daemon.server.DaemonStateCoordinator] daemon is running. Sleeping until state changes.
2025-11-03T17:22:46.654+0500 [DEBUG] [org.gradle.launcher.daemon.server.exec.ReturnResult] Daemon is dispatching the build result: Success[value=org.gradle.launcher.exec.BuildActionResult@4b33a8a4]
2025-11-03T17:22:46.654+0500 [DEBUG] [org.gradle.launcher.daemon.server.SynchronizedDispatchConnection] thread 39: dispatching Success[value=org.gradle.launcher.exec.BuildActionResult@4b33a8a4]
2025-11-03T17:22:46.677+0500 [DEBUG] [org.gradle.launcher.daemon.server.exec.CleanUpVirtualFileSystemAfterBuild] Cleaning virtual file system after build finished
2025-11-03T17:22:46.678+0500 [DEBUG] [org.gradle.launcher.daemon.server.DefaultIncomingConnectionHandler] Finishing executing command: Build{id=0aa79187-52fe-4a89-b452-7eeff7f6663c, currentDir=/home/danil/.vscode/extensions/vscjava.vscode-gradle-3.17.2025090802/lib}
2025-11-03T17:22:46.707+0500 [DEBUG] [org.gradle.launcher.daemon.server.SynchronizedDispatchConnection] thread 40: received class org.gradle.launcher.daemon.protocol.CloseInput
2025-11-03T17:22:46.709+0500 [DEBUG] [org.gradle.launcher.daemon.server.DefaultDaemonConnection] thread 40: Received IO message from client: org.gradle.launcher.daemon.protocol.CloseInput@23f397f2
2025-11-03T17:22:46.709+0500 [DEBUG] [org.gradle.launcher.daemon.server.SynchronizedDispatchConnection] thread 40: received class org.gradle.launcher.daemon.protocol.Finished
2025-11-03T17:22:46.710+0500 [DEBUG] [org.gradle.launcher.daemon.server.DefaultDaemonConnection] thread 40: Received non-IO message from client: org.gradle.launcher.daemon.protocol.Finished@71b503b3
2025-11-03T17:22:46.711+0500 [DEBUG] [org.gradle.launcher.daemon.server.DefaultIncomingConnectionHandler] Received finished message: org.gradle.launcher.daemon.protocol.Finished@71b503b3
2025-11-03T17:22:46.711+0500 [DEBUG] [org.gradle.internal.remote.internal.inet.SocketConnection] Discarding EOFException: java.io.EOFException
2025-11-03T17:22:46.711+0500 [DEBUG] [org.gradle.launcher.daemon.server.SynchronizedDispatchConnection] thread 39: stopping connection
2025-11-03T17:22:46.711+0500 [DEBUG] [org.gradle.launcher.daemon.server.SynchronizedDispatchConnection] thread 40: received null
2025-11-03T17:22:46.712+0500 [DEBUG] [org.gradle.launcher.daemon.server.DefaultDaemonConnection] thread 40: Received end-of-input from client.
2025-11-03T17:22:46.713+0500 [DEBUG] [org.gradle.launcher.daemon.server.SynchronizedDispatchConnection] thread 39: stopping connection
2025-11-03T17:22:50.641+0500 [DEBUG] [org.gradle.cache.internal.DefaultFileLockManager] Waiting to acquire shared lock on daemon addresses registry.
2025-11-03T17:22:50.641+0500 [DEBUG] [org.gradle.cache.internal.DefaultFileLockManager] Lock acquired on daemon addresses registry.
2025-11-03T17:22:50.641+0500 [DEBUG] [org.gradle.cache.internal.DefaultFileLockManager] Releasing lock on daemon addresses registry.
2025-11-03T17:22:50.643+0500 [DEBUG] [org.gradle.cache.internal.DefaultFileLockManager] Waiting to acquire shared lock on daemon addresses registry.
2025-11-03T17:22:50.643+0500 [DEBUG] [org.gradle.cache.internal.DefaultFileLockManager] Lock acquired on daemon addresses registry.
2025-11-03T17:22:50.644+0500 [DEBUG] [org.gradle.cache.internal.DefaultFileLockManager] Releasing lock on daemon addresses registry.
2025-11-03T17:23:00.640+0500 [DEBUG] [org.gradle.cache.internal.DefaultFileLockManager] Waiting to acquire shared lock on daemon addresses registry.
2025-11-03T17:23:00.640+0500 [DEBUG] [org.gradle.cache.internal.DefaultFileLockManager] Lock acquired on daemon addresses registry.
2025-11-03T17:23:00.640+0500 [DEBUG] [org.gradle.cache.internal.DefaultFileLockManager] Releasing lock on daemon addresses registry.
2025-11-03T17:23:00.641+0500 [DEBUG] [org.gradle.cache.internal.DefaultFileLockManager] Waiting to acquire shared lock on daemon addresses registry.
2025-11-03T17:23:00.642+0500 [DEBUG] [org.gradle.cache.internal.DefaultFileLockManager] Lock acquired on daemon addresses registry.
2025-11-03T17:23:00.642+0500 [DEBUG] [org.gradle.cache.internal.DefaultFileLockManager] Releasing lock on daemon addresses registry.
2025-11-03T17:23:00.642+0500 [DEBUG] [org.gradle.cache.internal.DefaultFileLockManager] Waiting to acquire shared lock on daemon addresses registry.
2025-11-03T17:23:00.643+0500 [DEBUG] [org.gradle.cache.internal.DefaultFileLockManager] Lock acquired on daemon addresses registry.
2025-11-03T17:23:00.643+0500 [DEBUG] [org.gradle.cache.internal.DefaultFileLockManager] Releasing lock on daemon addresses registry.
2025-11-03T17:23:10.640+0500 [DEBUG] [org.gradle.cache.internal.DefaultFileLockManager] Waiting to acquire shared lock on daemon addresses registry.
2025-11-03T17:23:10.640+0500 [DEBUG] [org.gradle.cache.internal.DefaultFileLockManager] Lock acquired on daemon addresses registry.
2025-11-03T17:23:10.641+0500 [DEBUG] [org.gradle.cache.internal.DefaultFileLockManager] Releasing lock on daemon addresses registry.
2025-11-03T17:23:10.641+0500 [DEBUG] [org.gradle.cache.internal.DefaultFileLockManager] Waiting to acquire shared lock on daemon addresses registry.
2025-11-03T17:23:10.642+0500 [DEBUG] [org.gradle.cache.internal.DefaultFileLockManager] Lock acquired on daemon addresses registry.
2025-11-03T17:23:10.642+0500 [DEBUG] [org.gradle.cache.internal.DefaultFileLockManager] Releasing lock on daemon addresses registry.
2025-11-03T17:23:10.642+0500 [DEBUG] [org.gradle.cache.internal.DefaultFileLockManager] Waiting to acquire shared lock on daemon addresses registry.
2025-11-03T17:23:10.643+0500 [DEBUG] [org.gradle.cache.internal.DefaultFileLockManager] Lock acquired on daemon addresses registry.
2025-11-03T17:23:10.643+0500 [DEBUG] [org.gradle.cache.internal.DefaultFileLockManager] Releasing lock on daemon addresses registry.
2025-11-03T17:23:20.640+0500 [DEBUG] [org.gradle.cache.internal.DefaultFileLockManager] Waiting to acquire shared lock on daemon addresses registry.
2025-11-03T17:23:20.641+0500 [DEBUG] [org.gradle.cache.internal.DefaultFileLockManager] Lock acquired on daemon addresses registry.
2025-11-03T17:23:20.641+0500 [DEBUG] [org.gradle.cache.internal.DefaultFileLockManager] Releasing lock on daemon addresses registry.
2025-11-03T17:23:20.642+0500 [DEBUG] [org.gradle.cache.internal.DefaultFileLockManager] Waiting to acquire shared lock on daemon addresses registry.
2025-11-03T17:23:20.643+0500 [DEBUG] [org.gradle.cache.internal.DefaultFileLockManager] Lock acquired on daemon addresses registry.
2025-11-03T17:23:20.643+0500 [DEBUG] [org.gradle.cache.internal.DefaultFileLockManager] Releasing lock on daemon addresses registry.
2025-11-03T17:23:20.644+0500 [DEBUG] [org.gradle.cache.internal.DefaultFileLockManager] Waiting to acquire shared lock on daemon addresses registry.
2025-11-03T17:23:20.644+0500 [DEBUG] [org.gradle.cache.internal.DefaultFileLockManager] Lock acquired on daemon addresses registry.
2025-11-03T17:23:20.644+0500 [DEBUG] [org.gradle.cache.internal.DefaultFileLockManager] Releasing lock on daemon addresses registry.
2025-11-03T17:23:30.640+0500 [DEBUG] [org.gradle.cache.internal.DefaultFileLockManager] Waiting to acquire shared lock on daemon addresses registry.
2025-11-03T17:23:30.641+0500 [DEBUG] [org.gradle.cache.internal.DefaultFileLockManager] Lock acquired on daemon addresses registry.
2025-11-03T17:23:30.641+0500 [DEBUG] [org.gradle.cache.internal.DefaultFileLockManager] Releasing lock on daemon addresses registry.
2025-11-03T17:23:30.642+0500 [DEBUG] [org.gradle.cache.internal.DefaultFileLockManager] Waiting to acquire shared lock on daemon addresses registry.
2025-11-03T17:23:30.642+0500 [DEBUG] [org.gradle.cache.internal.DefaultFileLockManager] Lock acquired on daemon addresses registry.
2025-11-03T17:23:30.642+0500 [DEBUG] [org.gradle.cache.internal.DefaultFileLockManager] Releasing lock on daemon addresses registry.
2025-11-03T17:23:30.643+0500 [DEBUG] [org.gradle.cache.internal.DefaultFileLockManager] Waiting to acquire shared lock on daemon addresses registry.
2025-11-03T17:23:30.643+0500 [DEBUG] [org.gradle.cache.internal.DefaultFileLockManager] Lock acquired on daemon addresses registry.
2025-11-03T17:23:30.643+0500 [DEBUG] [org.gradle.cache.internal.DefaultFileLockManager] Releasing lock on daemon addresses registry.
2025-11-03T17:23:39.109+0500 [DEBUG] [org.gradle.internal.remote.internal.inet.TcpIncomingConnector] Accepted connection from /127.0.0.1:41890 to /127.0.0.1:36681.
2025-11-03T17:23:39.112+0500 [DEBUG] [org.gradle.launcher.daemon.server.SynchronizedDispatchConnection] thread 80: received class org.gradle.launcher.daemon.protocol.Build
2025-11-03T17:23:39.112+0500 [DEBUG] [org.gradle.launcher.daemon.server.DefaultDaemonConnection] thread 80: Received non-IO message from client: Build{id=14d1f009-6576-4aee-be13-2a767c67c8a0, currentDir=/home/danil/.vscode/extensions/vscjava.vscode-gradle-3.17.2025090802/lib}
2025-11-03T17:23:39.112+0500 [INFO] [org.gradle.launcher.daemon.server.DefaultIncomingConnectionHandler] Received command: Build{id=14d1f009-6576-4aee-be13-2a767c67c8a0, currentDir=/home/danil/.vscode/extensions/vscjava.vscode-gradle-3.17.2025090802/lib}.
2025-11-03T17:23:39.112+0500 [DEBUG] [org.gradle.launcher.daemon.server.DefaultIncomingConnectionHandler] Starting executing command: Build{id=14d1f009-6576-4aee-be13-2a767c67c8a0, currentDir=/home/danil/.vscode/extensions/vscjava.vscode-gradle-3.17.2025090802/lib} with connection: socket connection from /127.0.0.1:36681 to /127.0.0.1:41890.
2025-11-03T17:23:39.112+0500 [DEBUG] [org.gradle.launcher.daemon.server.DaemonStateCoordinator] Command execution: started DaemonCommandExecution[command = Build{id=14d1f009-6576-4aee-be13-2a767c67c8a0, currentDir=/home/danil/.vscode/extensions/vscjava.vscode-gradle-3.17.2025090802/lib}, connection = DefaultDaemonConnection: socket connection from /127.0.0.1:36681 to /127.0.0.1:41890] after 0.8743833333333334 minutes of idle
2025-11-03T17:23:39.113+0500 [INFO] [org.gradle.launcher.daemon.server.DaemonRegistryUpdater] Marking the daemon as busy, address: [7cac397e-b739-48a6-ad08-ca19fd2f6868 port:36681, addresses:[localhost/127.0.0.1]]
2025-11-03T17:23:39.113+0500 [DEBUG] [org.gradle.launcher.daemon.registry.PersistentDaemonRegistry] Marking busy by address: [7cac397e-b739-48a6-ad08-ca19fd2f6868 port:36681, addresses:[localhost/127.0.0.1]]
2025-11-03T17:23:39.113+0500 [DEBUG] [org.gradle.cache.internal.DefaultFileLockManager] Waiting to acquire exclusive lock on daemon addresses registry.
2025-11-03T17:23:39.113+0500 [DEBUG] [org.gradle.cache.internal.DefaultFileLockManager] Lock acquired on daemon addresses registry.
2025-11-03T17:23:39.113+0500 [DEBUG] [org.gradle.cache.internal.DefaultFileLockManager] Releasing lock on daemon addresses registry.
2025-11-03T17:23:39.113+0500 [DEBUG] [org.gradle.launcher.daemon.server.DaemonStateCoordinator] resetting idle timer
2025-11-03T17:23:39.113+0500 [INFO] [org.gradle.launcher.daemon.server.exec.StartBuildOrRespondWithBusy] Daemon is about to start building Build{id=14d1f009-6576-4aee-be13-2a767c67c8a0, currentDir=/home/danil/.vscode/extensions/vscjava.vscode-gradle-3.17.2025090802/lib}. Dispatching build started information...
2025-11-03T17:23:39.113+0500 [DEBUG] [org.gradle.launcher.daemon.server.DaemonStateCoordinator] daemon is running. Sleeping until state changes.
2025-11-03T17:23:39.114+0500 [DEBUG] [org.gradle.launcher.daemon.server.SynchronizedDispatchConnection] thread 42: dispatching org.gradle.launcher.daemon.protocol.BuildStarted@4d155724
2025-11-03T17:23:39.114+0500 [DEBUG] [org.gradle.launcher.daemon.server.exec.EstablishBuildEnvironment] Configuring env variables: [PATH, XAUTHORITY, LC_MEASUREMENT, LC_TELEPHONE, XDG_DATA_DIRS, GDMSESSION, GRADLE_SERVER_OPTS, DBUS_SESSION_BUS_ADDRESS, VSCODE_PID, XDG_CURRENT_DESKTOP, SSH_AGENT_PID, CLUTTER_BACKEND, COLORTERM, LC_PAPER, SDKMAN_DIR, SESSION_MANAGER, LOGNAME, PWD, VSCODE_NLS_CONFIG, SDKMAN_BROKER_API, LANGUAGE, WINDOWID, SHELL, LESSOPEN, VSCODE_CRASH_REPORTER_PROCESS_TYPE, CHROME_DESKTOP, LC_ADDRESS, SDKMAN_CANDIDATES_API, OLDPWD, VSCODE_CODE_CACHE_PATH, ORIGINAL_XDG_CURRENT_DESKTOP, GTK_MODULES, VSCODE_CLI, XDG_SESSION_PATH, LS_COLORS, XDG_SESSION_DESKTOP, SHLVL, LC_IDENTIFICATION, VSCODE_JAVA_HOME, LESSCLOSE, LC_MONETARY, COMPIZ_CONFIG_PROFILE, VSCODE_HANDLES_UNCAUGHT_ERRORS, ELECTRON_NO_ATTACH_CONSOLE, TERM, XDG_CONFIG_DIRS, XDG_SEAT_PATH, LANG, XDG_SESSION_ID, XDG_SESSION_TYPE, GRADLE_HOME, DISPLAY, ELECTRON_RUN_AS_NODE, NVM_INC, LC_NAME, SDKMAN_CANDIDATES_DIR, XDG_SESSION_CLASS, _, VSCODE_CWD, GDM_LANG, NVM_DIR, VSCODE_ESM_ENTRYPOINT, GDK_BACKEND, GTK3_MODULES, XDG_GREETER_DATA_DIR, DESKTOP_SESSION, SDKMAN_PLATFORM, USER, XDG_MENU_PREFIX, QT_ACCESSIBILITY, VTE_VERSION, LC_NUMERIC, XDG_SEAT, SSH_AUTH_SOCK, XDG_VTNR, XDG_RUNTIME_DIR, NVM_BIN, HOME, VSCODE_IPC_HOOK]
2025-11-03T17:23:39.115+0500 [DEBUG] [org.gradle.launcher.daemon.server.exec.LogToClient] About to start relaying all logs to the client via the connection.
2025-11-03T17:23:39.115+0500 [INFO] [org.gradle.launcher.daemon.server.exec.LogToClient] The client will now receive all logging from the daemon (pid: 42364). The daemon log file: /home/danil/Desktop/OOP_PROJECT/~/.gradle/daemon/9.0.0/daemon-42364.out.log
2025-11-03T17:23:39.116+0500 [INFO] [org.gradle.launcher.daemon.server.exec.LogAndCheckHealth] Starting 2nd build in daemon [uptime: 58.661 secs, performance: 99%, GC rate: 0.00/s, heap usage: 2% of 512 MiB, non-heap usage: 14% of 384 MiB]
2025-11-03T17:23:39.117+0500 [DEBUG] [org.gradle.launcher.daemon.server.exec.ExecuteBuild] The daemon has started executing the build.
2025-11-03T17:23:39.117+0500 [DEBUG] [org.gradle.launcher.daemon.server.exec.ExecuteBuild] Executing build with daemon context: DefaultDaemonContext[uid=16b10976-0409-4b25-b684-5a708ba59092,javaHome=/usr/lib/jvm/java-21-openjdk-amd64,javaVersion=21,javaVendor=Ubuntu,daemonRegistryDir=/home/danil/Desktop/OOP_PROJECT/~/.gradle/daemon,pid=42364,idleTimeout=10800000,priority=NORMAL,applyInstrumentationAgent=true,nativeServicesMode=ENABLED,daemonOpts=-XX:MaxMetaspaceSize=384m,-XX:+HeapDumpOnOutOfMemoryError,-Xms256m,-Xmx512m,-Dfile.encoding=UTF-8,-Duser.country=US,-Duser.language=en,-Duser.variant]

CONFIGURE SUCCESSFUL in 4s
2025-11-03T17:23:43.215+0500 [DEBUG] [org.gradle.launcher.daemon.server.exec.ExecuteBuild] The daemon has finished executing the build.
2025-11-03T17:23:43.228+0500 [DEBUG] [org.gradle.launcher.daemon.server.DaemonStateCoordinator] Command execution: finished waiting for DaemonCommandExecution[command = Build{id=14d1f009-6576-4aee-be13-2a767c67c8a0, currentDir=/home/danil/.vscode/extensions/vscjava.vscode-gradle-3.17.2025090802/lib}, connection = DefaultDaemonConnection: socket connection from /127.0.0.1:36681 to /127.0.0.1:41890]. Result org.gradle.launcher.daemon.server.DaemonStateCoordinator@6a0d4ad2 with state Busy
2025-11-03T17:23:43.228+0500 [DEBUG] [org.gradle.launcher.daemon.server.DaemonStateCoordinator] Command execution: completed DaemonCommandExecution[command = Build{id=14d1f009-6576-4aee-be13-2a767c67c8a0, currentDir=/home/danil/.vscode/extensions/vscjava.vscode-gradle-3.17.2025090802/lib}, connection = DefaultDaemonConnection: socket connection from /127.0.0.1:36681 to /127.0.0.1:41890]
2025-11-03T17:23:43.228+0500 [DEBUG] [org.gradle.launcher.daemon.server.DaemonStateCoordinator] resetting idle timer
2025-11-03T17:23:43.228+0500 [INFO] [org.gradle.launcher.daemon.server.DaemonRegistryUpdater] Marking the daemon as idle, address: [7cac397e-b739-48a6-ad08-ca19fd2f6868 port:36681, addresses:[localhost/127.0.0.1]]
2025-11-03T17:23:43.228+0500 [DEBUG] [org.gradle.launcher.daemon.registry.PersistentDaemonRegistry] Marking busy by address: [7cac397e-b739-48a6-ad08-ca19fd2f6868 port:36681, addresses:[localhost/127.0.0.1]]
2025-11-03T17:23:43.228+0500 [DEBUG] [org.gradle.cache.internal.DefaultFileLockManager] Waiting to acquire exclusive lock on daemon addresses registry.
2025-11-03T17:23:43.228+0500 [DEBUG] [org.gradle.cache.internal.DefaultFileLockManager] Lock acquired on daemon addresses registry.
2025-11-03T17:23:43.229+0500 [DEBUG] [org.gradle.cache.internal.DefaultFileLockManager] Releasing lock on daemon addresses registry.
2025-11-03T17:23:43.229+0500 [DEBUG] [org.gradle.launcher.daemon.server.exec.ReturnResult] Daemon is dispatching the build result: Success[value=org.gradle.launcher.exec.BuildActionResult@4f614263]
2025-11-03T17:23:43.229+0500 [DEBUG] [org.gradle.launcher.daemon.server.DaemonStateCoordinator] daemon is running. Sleeping until state changes.
2025-11-03T17:23:43.229+0500 [DEBUG] [org.gradle.launcher.daemon.server.SynchronizedDispatchConnection] thread 39: dispatching Success[value=org.gradle.launcher.exec.BuildActionResult@4f614263]
2025-11-03T17:23:43.230+0500 [DEBUG] [org.gradle.launcher.daemon.server.exec.CleanUpVirtualFileSystemAfterBuild] Cleaning virtual file system after build finished
2025-11-03T17:23:43.230+0500 [DEBUG] [org.gradle.launcher.daemon.server.DefaultIncomingConnectionHandler] Finishing executing command: Build{id=14d1f009-6576-4aee-be13-2a767c67c8a0, currentDir=/home/danil/.vscode/extensions/vscjava.vscode-gradle-3.17.2025090802/lib}
2025-11-03T17:23:43.232+0500 [DEBUG] [org.gradle.launcher.daemon.server.SynchronizedDispatchConnection] thread 80: received class org.gradle.launcher.daemon.protocol.CloseInput
2025-11-03T17:23:43.232+0500 [DEBUG] [org.gradle.launcher.daemon.server.DefaultDaemonConnection] thread 80: Received IO message from client: org.gradle.launcher.daemon.protocol.CloseInput@75632631
2025-11-03T17:23:43.232+0500 [DEBUG] [org.gradle.launcher.daemon.server.SynchronizedDispatchConnection] thread 80: received class org.gradle.launcher.daemon.protocol.Finished
2025-11-03T17:23:43.232+0500 [DEBUG] [org.gradle.launcher.daemon.server.DefaultDaemonConnection] thread 80: Received non-IO message from client: org.gradle.launcher.daemon.protocol.Finished@7ba4d6ed
2025-11-03T17:23:43.232+0500 [DEBUG] [org.gradle.launcher.daemon.server.DefaultIncomingConnectionHandler] Received finished message: org.gradle.launcher.daemon.protocol.Finished@7ba4d6ed
2025-11-03T17:23:43.232+0500 [DEBUG] [org.gradle.internal.remote.internal.inet.SocketConnection] Discarding EOFException: java.io.EOFException
2025-11-03T17:23:43.232+0500 [DEBUG] [org.gradle.launcher.daemon.server.SynchronizedDispatchConnection] thread 39: stopping connection
2025-11-03T17:23:43.232+0500 [DEBUG] [org.gradle.launcher.daemon.server.SynchronizedDispatchConnection] thread 80: received null
2025-11-03T17:23:43.233+0500 [DEBUG] [org.gradle.launcher.daemon.server.DefaultDaemonConnection] thread 80: Received end-of-input from client.
2025-11-03T17:23:43.233+0500 [DEBUG] [org.gradle.launcher.daemon.server.SynchronizedDispatchConnection] thread 39: stopping connection
2025-11-03T17:23:50.640+0500 [DEBUG] [org.gradle.cache.internal.DefaultFileLockManager] Waiting to acquire shared lock on daemon addresses registry.
2025-11-03T17:23:50.640+0500 [DEBUG] [org.gradle.cache.internal.DefaultFileLockManager] Lock acquired on daemon addresses registry.
2025-11-03T17:23:50.640+0500 [DEBUG] [org.gradle.cache.internal.DefaultFileLockManager] Releasing lock on daemon addresses registry.
2025-11-03T17:23:50.640+0500 [DEBUG] [org.gradle.cache.internal.DefaultFileLockManager] Waiting to acquire shared lock on daemon addresses registry.
2025-11-03T17:23:50.641+0500 [DEBUG] [org.gradle.cache.internal.DefaultFileLockManager] Lock acquired on daemon addresses registry.
2025-11-03T17:23:50.641+0500 [DEBUG] [org.gradle.cache.internal.DefaultFileLockManager] Releasing lock on daemon addresses registry.
2025-11-03T17:24:00.640+0500 [DEBUG] [org.gradle.cache.internal.DefaultFileLockManager] Waiting to acquire shared lock on daemon addresses registry.
2025-11-03T17:24:00.640+0500 [DEBUG] [org.gradle.cache.internal.DefaultFileLockManager] Lock acquired on daemon addresses registry.
2025-11-03T17:24:00.640+0500 [DEBUG] [org.gradle.cache.internal.DefaultFileLockManager] Releasing lock on daemon addresses registry.
2025-11-03T17:24:00.641+0500 [DEBUG] [org.gradle.cache.internal.DefaultFileLockManager] Waiting to acquire shared lock on daemon addresses registry.
2025-11-03T17:24:00.641+0500 [DEBUG] [org.gradle.cache.internal.DefaultFileLockManager] Lock acquired on daemon addresses registry.
2025-11-03T17:24:00.641+0500 [DEBUG] [org.gradle.cache.internal.DefaultFileLockManager] Releasing lock on daemon addresses registry.
2025-11-03T17:24:00.641+0500 [DEBUG] [org.gradle.cache.internal.DefaultFileLockManager] Waiting to acquire shared lock on daemon addresses registry.
2025-11-03T17:24:00.641+0500 [DEBUG] [org.gradle.cache.internal.DefaultFileLockManager] Lock acquired on daemon addresses registry.
2025-11-03T17:24:00.641+0500 [DEBUG] [org.gradle.cache.internal.DefaultFileLockManager] Releasing lock on daemon addresses registry.
2025-11-03T17:24:10.640+0500 [DEBUG] [org.gradle.cache.internal.DefaultFileLockManager] Waiting to acquire shared lock on daemon addresses registry.
2025-11-03T17:24:10.641+0500 [DEBUG] [org.gradle.cache.internal.DefaultFileLockManager] Lock acquired on daemon addresses registry.
2025-11-03T17:24:10.642+0500 [DEBUG] [org.gradle.cache.internal.DefaultFileLockManager] Releasing lock on daemon addresses registry.
2025-11-03T17:24:10.642+0500 [DEBUG] [org.gradle.cache.internal.DefaultFileLockManager] Waiting to acquire shared lock on daemon addresses registry.
2025-11-03T17:24:10.643+0500 [DEBUG] [org.gradle.cache.internal.DefaultFileLockManager] Lock acquired on daemon addresses registry.
2025-11-03T17:24:10.643+0500 [DEBUG] [org.gradle.cache.internal.DefaultFileLockManager] Releasing lock on daemon addresses registry.
2025-11-03T17:24:10.643+0500 [DEBUG] [org.gradle.cache.internal.DefaultFileLockManager] Waiting to acquire shared lock on daemon addresses registry.
2025-11-03T17:24:10.644+0500 [DEBUG] [org.gradle.cache.internal.DefaultFileLockManager] Lock acquired on daemon addresses registry.
2025-11-03T17:24:10.644+0500 [DEBUG] [org.gradle.cache.internal.DefaultFileLockManager] Releasing lock on daemon addresses registry.
2025-11-03T17:24:20.640+0500 [DEBUG] [org.gradle.cache.internal.DefaultFileLockManager] Waiting to acquire shared lock on daemon addresses registry.
2025-11-03T17:24:20.640+0500 [DEBUG] [org.gradle.cache.internal.DefaultFileLockManager] Lock acquired on daemon addresses registry.
2025-11-03T17:24:20.640+0500 [DEBUG] [org.gradle.cache.internal.DefaultFileLockManager] Releasing lock on daemon addresses registry.
2025-11-03T17:24:20.641+0500 [DEBUG] [org.gradle.cache.internal.DefaultFileLockManager] Waiting to acquire shared lock on daemon addresses registry.
2025-11-03T17:24:20.641+0500 [DEBUG] [org.gradle.cache.internal.DefaultFileLockManager] Lock acquired on daemon addresses registry.
2025-11-03T17:24:20.641+0500 [DEBUG] [org.gradle.cache.internal.DefaultFileLockManager] Releasing lock on daemon addresses registry.
2025-11-03T17:24:20.641+0500 [DEBUG] [org.gradle.cache.internal.DefaultFileLockManager] Waiting to acquire shared lock on daemon addresses registry.
2025-11-03T17:24:20.641+0500 [DEBUG] [org.gradle.cache.internal.DefaultFileLockManager] Lock acquired on daemon addresses registry.
2025-11-03T17:24:20.641+0500 [DEBUG] [org.gradle.cache.internal.DefaultFileLockManager] Releasing lock on daemon addresses registry.
2025-11-03T17:24:30.640+0500 [DEBUG] [org.gradle.cache.internal.DefaultFileLockManager] Waiting to acquire shared lock on daemon addresses registry.
2025-11-03T17:24:30.640+0500 [DEBUG] [org.gradle.cache.internal.DefaultFileLockManager] Lock acquired on daemon addresses registry.
2025-11-03T17:24:30.641+0500 [DEBUG] [org.gradle.cache.internal.DefaultFileLockManager] Releasing lock on daemon addresses registry.
2025-11-03T17:24:30.641+0500 [DEBUG] [org.gradle.cache.internal.DefaultFileLockManager] Waiting to acquire shared lock on daemon addresses registry.
2025-11-03T17:24:30.641+0500 [DEBUG] [org.gradle.cache.internal.DefaultFileLockManager] Lock acquired on daemon addresses registry.
2025-11-03T17:24:30.641+0500 [DEBUG] [org.gradle.cache.internal.DefaultFileLockManager] Releasing lock on daemon addresses registry.
2025-11-03T17:24:30.642+0500 [DEBUG] [org.gradle.cache.internal.DefaultFileLockManager] Waiting to acquire shared lock on daemon addresses registry.
2025-11-03T17:24:30.642+0500 [DEBUG] [org.gradle.cache.internal.DefaultFileLockManager] Lock acquired on daemon addresses registry.
2025-11-03T17:24:30.642+0500 [DEBUG] [org.gradle.cache.internal.DefaultFileLockManager] Releasing lock on daemon addresses registry.
2025-11-03T17:24:40.640+0500 [DEBUG] [org.gradle.cache.internal.DefaultFileLockManager] Waiting to acquire shared lock on daemon addresses registry.
2025-11-03T17:24:40.641+0500 [DEBUG] [org.gradle.cache.internal.DefaultFileLockManager] Lock acquired on daemon addresses registry.
2025-11-03T17:24:40.642+0500 [DEBUG] [org.gradle.cache.internal.DefaultFileLockManager] Releasing lock on daemon addresses registry.
2025-11-03T17:24:40.642+0500 [DEBUG] [org.gradle.cache.internal.DefaultFileLockManager] Waiting to acquire shared lock on daemon addresses registry.
2025-11-03T17:24:40.642+0500 [DEBUG] [org.gradle.cache.internal.DefaultFileLockManager] Lock acquired on daemon addresses registry.
2025-11-03T17:24:40.643+0500 [DEBUG] [org.gradle.cache.internal.DefaultFileLockManager] Releasing lock on daemon addresses registry.
2025-11-03T17:24:40.643+0500 [DEBUG] [org.gradle.cache.internal.DefaultFileLockManager] Waiting to acquire shared lock on daemon addresses registry.
2025-11-03T17:24:40.643+0500 [DEBUG] [org.gradle.cache.internal.DefaultFileLockManager] Lock acquired on daemon addresses registry.
2025-11-03T17:24:40.644+0500 [DEBUG] [org.gradle.cache.internal.DefaultFileLockManager] Releasing lock on daemon addresses registry.
2025-11-03T17:24:50.640+0500 [DEBUG] [org.gradle.cache.internal.DefaultFileLockManager] Waiting to acquire shared lock on daemon addresses registry.
2025-11-03T17:24:50.641+0500 [DEBUG] [org.gradle.cache.internal.DefaultFileLockManager] Lock acquired on daemon addresses registry.
2025-11-03T17:24:50.641+0500 [DEBUG] [org.gradle.cache.internal.DefaultFileLockManager] Releasing lock on daemon addresses registry.
2025-11-03T17:24:50.642+0500 [DEBUG] [org.gradle.cache.internal.DefaultFileLockManager] Waiting to acquire shared lock on daemon addresses registry.
2025-11-03T17:24:50.642+0500 [DEBUG] [org.gradle.cache.internal.DefaultFileLockManager] Lock acquired on daemon addresses registry.
2025-11-03T17:24:50.642+0500 [DEBUG] [org.gradle.cache.internal.DefaultFileLockManager] Releasing lock on daemon addresses registry.
2025-11-03T17:24:50.643+0500 [DEBUG] [org.gradle.cache.internal.DefaultFileLockManager] Waiting to acquire shared lock on daemon addresses registry.
2025-11-03T17:24:50.643+0500 [DEBUG] [org.gradle.cache.internal.DefaultFileLockManager] Lock acquired on daemon addresses registry.
2025-11-03T17:24:50.643+0500 [DEBUG] [org.gradle.cache.internal.DefaultFileLockManager] Releasing lock on daemon addresses registry.
2025-11-03T17:25:00.640+0500 [DEBUG] [org.gradle.cache.internal.DefaultFileLockManager] Waiting to acquire shared lock on daemon addresses registry.
2025-11-03T17:25:00.641+0500 [DEBUG] [org.gradle.cache.internal.DefaultFileLockManager] Lock acquired on daemon addresses registry.
2025-11-03T17:25:00.641+0500 [DEBUG] [org.gradle.cache.internal.DefaultFileLockManager] Releasing lock on daemon addresses registry.
2025-11-03T17:25:00.641+0500 [DEBUG] [org.gradle.cache.internal.DefaultFileLockManager] Waiting to acquire shared lock on daemon addresses registry.
2025-11-03T17:25:00.642+0500 [DEBUG] [org.gradle.cache.internal.DefaultFileLockManager] Lock acquired on daemon addresses registry.
2025-11-03T17:25:00.642+0500 [DEBUG] [org.gradle.cache.internal.DefaultFileLockManager] Releasing lock on daemon addresses registry.
2025-11-03T17:25:00.642+0500 [DEBUG] [org.gradle.cache.internal.DefaultFileLockManager] Waiting to acquire shared lock on daemon addresses registry.
2025-11-03T17:25:00.642+0500 [DEBUG] [org.gradle.cache.internal.DefaultFileLockManager] Lock acquired on daemon addresses registry.
2025-11-03T17:25:00.642+0500 [DEBUG] [org.gradle.cache.internal.DefaultFileLockManager] Releasing lock on daemon addresses registry.
2025-11-03T17:25:10.640+0500 [DEBUG] [org.gradle.cache.internal.DefaultFileLockManager] Waiting to acquire shared lock on daemon addresses registry.
2025-11-03T17:25:10.641+0500 [DEBUG] [org.gradle.cache.internal.DefaultFileLockManager] Lock acquired on daemon addresses registry.
2025-11-03T17:25:10.641+0500 [DEBUG] [org.gradle.cache.internal.DefaultFileLockManager] Releasing lock on daemon addresses registry.
2025-11-03T17:25:10.642+0500 [DEBUG] [org.gradle.cache.internal.DefaultFileLockManager] Waiting to acquire shared lock on daemon addresses registry.
2025-11-03T17:25:10.642+0500 [DEBUG] [org.gradle.cache.internal.DefaultFileLockManager] Lock acquired on daemon addresses registry.
2025-11-03T17:25:10.642+0500 [DEBUG] [org.gradle.cache.internal.DefaultFileLockManager] Releasing lock on daemon addresses registry.
2025-11-03T17:25:10.643+0500 [DEBUG] [org.gradle.cache.internal.DefaultFileLockManager] Waiting to acquire shared lock on daemon addresses registry.
2025-11-03T17:25:10.643+0500 [DEBUG] [org.gradle.cache.internal.DefaultFileLockManager] Lock acquired on daemon addresses registry.
2025-11-03T17:25:10.643+0500 [DEBUG] [org.gradle.cache.internal.DefaultFileLockManager] Releasing lock on daemon addresses registry.
2025-11-03T17:25:20.640+0500 [DEBUG] [org.gradle.cache.internal.DefaultFileLockManager] Waiting to acquire shared lock on daemon addresses registry.
2025-11-03T17:25:20.640+0500 [DEBUG] [org.gradle.cache.internal.DefaultFileLockManager] Lock acquired on daemon addresses registry.
2025-11-03T17:25:20.641+0500 [DEBUG] [org.gradle.cache.internal.DefaultFileLockManager] Releasing lock on daemon addresses registry.
2025-11-03T17:25:20.641+0500 [DEBUG] [org.gradle.cache.internal.DefaultFileLockManager] Waiting to acquire shared lock on daemon addresses registry.
2025-11-03T17:25:20.642+0500 [DEBUG] [org.gradle.cache.internal.DefaultFileLockManager] Lock acquired on daemon addresses registry.
2025-11-03T17:25:20.642+0500 [DEBUG] [org.gradle.cache.internal.DefaultFileLockManager] Releasing lock on daemon addresses registry.
2025-11-03T17:25:20.642+0500 [DEBUG] [org.gradle.cache.internal.DefaultFileLockManager] Waiting to acquire shared lock on daemon addresses registry.
2025-11-03T17:25:20.642+0500 [DEBUG] [org.gradle.cache.internal.DefaultFileLockManager] Lock acquired on daemon addresses registry.
2025-11-03T17:25:20.642+0500 [DEBUG] [org.gradle.cache.internal.DefaultFileLockManager] Releasing lock on daemon addresses registry.
2025-11-03T17:25:30.640+0500 [DEBUG] [org.gradle.cache.internal.DefaultFileLockManager] Waiting to acquire shared lock on daemon addresses registry.
2025-11-03T17:25:30.640+0500 [DEBUG] [org.gradle.cache.internal.DefaultFileLockManager] Lock acquired on daemon addresses registry.
2025-11-03T17:25:30.641+0500 [DEBUG] [org.gradle.cache.internal.DefaultFileLockManager] Releasing lock on daemon addresses registry.
2025-11-03T17:25:30.641+0500 [DEBUG] [org.gradle.cache.internal.DefaultFileLockManager] Waiting to acquire shared lock on daemon addresses registry.
2025-11-03T17:25:30.641+0500 [DEBUG] [org.gradle.cache.internal.DefaultFileLockManager] Lock acquired on daemon addresses registry.
2025-11-03T17:25:30.641+0500 [DEBUG] [org.gradle.cache.internal.DefaultFileLockManager] Releasing lock on daemon addresses registry.
2025-11-03T17:25:30.642+0500 [DEBUG] [org.gradle.cache.internal.DefaultFileLockManager] Waiting to acquire shared lock on daemon addresses registry.
2025-11-03T17:25:30.642+0500 [DEBUG] [org.gradle.cache.internal.DefaultFileLockManager] Lock acquired on daemon addresses registry.
2025-11-03T17:25:30.642+0500 [DEBUG] [org.gradle.cache.internal.DefaultFileLockManager] Releasing lock on daemon addresses registry.
2025-11-03T17:25:33.307+0500 [DEBUG] [java.lang.Runtime] Runtime.exit() called with status: 143
java.lang.Throwable: Runtime.exit(143)
	at java.base/java.lang.Shutdown.logRuntimeExit(Shutdown.java:179)
	at java.base/java.lang.Shutdown.exit(Shutdown.java:160)
	at java.base/java.lang.Terminator$1.handle(Terminator.java:51)
	at java.base/jdk.internal.misc.Signal$1.run(Signal.java:218)
	at java.base/java.lang.Thread.run(Thread.java:1583)
Daemon vm is shutting down... The daemon has exited normally or was terminated in response to a user interrupt.
2025-11-03T17:25:33.309+0500 [DEBUG] [org.gradle.launcher.daemon.registry.PersistentDaemonRegistry] Removing daemon address: [7cac397e-b739-48a6-ad08-ca19fd2f6868 port:36681, addresses:[localhost/127.0.0.1]]
2025-11-03T17:25:33.310+0500 [DEBUG] [org.gradle.cache.internal.DefaultFileLockManager] Waiting to acquire exclusive lock on daemon addresses registry.
2025-11-03T17:25:33.311+0500 [DEBUG] [org.gradle.cache.internal.DefaultFileLockManager] Lock acquired on daemon addresses registry.
2025-11-03T17:25:33.311+0500 [DEBUG] [org.gradle.cache.internal.DefaultFileLockManager] Releasing lock on daemon addresses registry.
