2025-12-23T13:28:27.099+0500 [DEBUG] [org.gradle.launcher.daemon.bootstrap.DaemonMain] Assuming the daemon was started with following jvm opts: [-XX:MaxMetaspaceSize=384m, -XX:+HeapDumpOnOutOfMemoryError, -Xms256m, -Xmx512m, -Dfile.encoding=UTF-8, -Duser.country=US, -Duser.language=en, -Duser.variant]
2025-12-23T13:28:27.217+0500 [DEBUG] [org.gradle.internal.remote.internal.inet.InetAddresses] Adding IP addresses for network interface docker0
2025-12-23T13:28:27.218+0500 [DEBUG] [org.gradle.internal.remote.internal.inet.InetAddresses] Is this a loopback interface? false
2025-12-23T13:28:27.218+0500 [DEBUG] [org.gradle.internal.remote.internal.inet.InetAddresses] Adding remote address /fe80:0:0:0:50f0:8fff:feb4:3c64%docker0
2025-12-23T13:28:27.218+0500 [DEBUG] [org.gradle.internal.remote.internal.inet.InetAddresses] Adding remote address /172.17.0.1
2025-12-23T13:28:27.218+0500 [DEBUG] [org.gradle.internal.remote.internal.inet.InetAddresses] Adding IP addresses for network interface wlp45s0
2025-12-23T13:28:27.218+0500 [DEBUG] [org.gradle.internal.remote.internal.inet.InetAddresses] Is this a loopback interface? false
2025-12-23T13:28:27.218+0500 [DEBUG] [org.gradle.internal.remote.internal.inet.InetAddresses] Adding remote address /fe80:0:0:0:bf1f:a445:437d:118f%wlp45s0
2025-12-23T13:28:27.219+0500 [DEBUG] [org.gradle.internal.remote.internal.inet.InetAddresses] Adding remote address /192.168.100.74
2025-12-23T13:28:27.219+0500 [DEBUG] [org.gradle.internal.remote.internal.inet.InetAddresses] Adding IP addresses for network interface lo
2025-12-23T13:28:27.219+0500 [DEBUG] [org.gradle.internal.remote.internal.inet.InetAddresses] Is this a loopback interface? true
2025-12-23T13:28:27.219+0500 [DEBUG] [org.gradle.internal.remote.internal.inet.InetAddresses] Adding loopback address /0:0:0:0:0:0:0:1%lo
2025-12-23T13:28:27.219+0500 [DEBUG] [org.gradle.internal.remote.internal.inet.InetAddresses] Adding loopback address /127.0.0.1
2025-12-23T13:28:27.251+0500 [INFO] [org.gradle.launcher.daemon.server.Daemon] start() called on daemon - DefaultDaemonContext[uid=06bd79c3-a5ff-4f82-8db0-0428da657fdf,javaHome=/usr/lib/jvm/java-21-openjdk-amd64,javaVersion=21,javaVendor=Ubuntu,daemonRegistryDir=/home/danil/repos/openBilim/~/.gradle/daemon,pid=23120,idleTimeout=10800000,priority=NORMAL,applyInstrumentationAgent=true,nativeServicesMode=ENABLED,daemonOpts=-XX:MaxMetaspaceSize=384m,-XX:+HeapDumpOnOutOfMemoryError,-Xms256m,-Xmx512m,-Dfile.encoding=UTF-8,-Duser.country=US,-Duser.language=en,-Duser.variant]
2025-12-23T13:28:27.270+0500 [DEBUG] [org.gradle.internal.remote.internal.inet.TcpIncomingConnector] Listening on [d289c488-27e5-4b81-9fb3-f7f39651ec68 port:41055, addresses:[localhost/127.0.0.1]].
2025-12-23T13:28:27.284+0500 [DEBUG] [org.gradle.launcher.daemon.server.Daemon] Daemon starting at: Tue Dec 23 13:28:27 AQTT 2025, with address: [d289c488-27e5-4b81-9fb3-f7f39651ec68 port:41055, addresses:[localhost/127.0.0.1]]
2025-12-23T13:28:27.285+0500 [INFO] [org.gradle.launcher.daemon.server.DaemonRegistryUpdater] Advertising the daemon address to the clients: [d289c488-27e5-4b81-9fb3-f7f39651ec68 port:41055, addresses:[localhost/127.0.0.1]]
2025-12-23T13:28:27.285+0500 [DEBUG] [org.gradle.launcher.daemon.server.DaemonRegistryUpdater] Advertised daemon context: DefaultDaemonContext[uid=06bd79c3-a5ff-4f82-8db0-0428da657fdf,javaHome=/usr/lib/jvm/java-21-openjdk-amd64,javaVersion=21,javaVendor=Ubuntu,daemonRegistryDir=/home/danil/repos/openBilim/~/.gradle/daemon,pid=23120,idleTimeout=10800000,priority=NORMAL,applyInstrumentationAgent=true,nativeServicesMode=ENABLED,daemonOpts=-XX:MaxMetaspaceSize=384m,-XX:+HeapDumpOnOutOfMemoryError,-Xms256m,-Xmx512m,-Dfile.encoding=UTF-8,-Duser.country=US,-Duser.language=en,-Duser.variant]
2025-12-23T13:28:27.286+0500 [DEBUG] [org.gradle.launcher.daemon.registry.PersistentDaemonRegistry] Storing daemon address: [d289c488-27e5-4b81-9fb3-f7f39651ec68 port:41055, addresses:[localhost/127.0.0.1]], context: DefaultDaemonContext[uid=06bd79c3-a5ff-4f82-8db0-0428da657fdf,javaHome=/usr/lib/jvm/java-21-openjdk-amd64,javaVersion=21,javaVendor=Ubuntu,daemonRegistryDir=/home/danil/repos/openBilim/~/.gradle/daemon,pid=23120,idleTimeout=10800000,priority=NORMAL,applyInstrumentationAgent=true,nativeServicesMode=ENABLED,daemonOpts=-XX:MaxMetaspaceSize=384m,-XX:+HeapDumpOnOutOfMemoryError,-Xms256m,-Xmx512m,-Dfile.encoding=UTF-8,-Duser.country=US,-Duser.language=en,-Duser.variant]
2025-12-23T13:28:27.298+0500 [DEBUG] [org.gradle.cache.internal.DefaultFileLockManager] Waiting to acquire exclusive lock on daemon addresses registry.
2025-12-23T13:28:27.300+0500 [DEBUG] [org.gradle.cache.internal.DefaultFileLockManager] Lock acquired on daemon addresses registry.
2025-12-23T13:28:27.303+0500 [DEBUG] [org.gradle.cache.internal.DefaultFileLockManager] Releasing lock on daemon addresses registry.
2025-12-23T13:28:27.304+0500 [LIFECYCLE] [org.gradle.launcher.daemon.server.Daemon] Daemon server started.
2025-12-23T13:28:27.307+0500 [DEBUG] [org.gradle.launcher.daemon.bootstrap.DaemonStartupCommunication] Completed writing the daemon greeting. Closing streams...
2025-12-23T13:28:27.318+0500 [DEBUG] [org.gradle.launcher.daemon.server.Daemon] stopOnExpiration() called on daemon
2025-12-23T13:28:27.319+0500 [DEBUG] [org.gradle.internal.remote.internal.inet.TcpIncomingConnector] Accepted connection from /127.0.0.1:46330 to /127.0.0.1:41055.
2025-12-23T13:28:27.320+0500 [DEBUG] [org.gradle.launcher.daemon.server.Daemon] awaitExpiration() called on daemon
2025-12-23T13:28:27.321+0500 [DEBUG] [org.gradle.launcher.daemon.server.DaemonStateCoordinator] daemon is running. Sleeping until state changes.
2025-12-23T13:28:27.396+0500 [DEBUG] [org.gradle.launcher.daemon.server.SynchronizedDispatchConnection] thread 40: received class org.gradle.launcher.daemon.protocol.Build
2025-12-23T13:28:27.397+0500 [DEBUG] [org.gradle.launcher.daemon.server.DefaultDaemonConnection] thread 40: Received non-IO message from client: Build{id=dc4209b5-4ce9-4963-8278-2f56cc7486ce, currentDir=/home/danil/.vscode/extensions/vscjava.vscode-gradle-3.17.2025090802/lib}
2025-12-23T13:28:27.398+0500 [INFO] [org.gradle.launcher.daemon.server.DefaultIncomingConnectionHandler] Received command: Build{id=dc4209b5-4ce9-4963-8278-2f56cc7486ce, currentDir=/home/danil/.vscode/extensions/vscjava.vscode-gradle-3.17.2025090802/lib}.
2025-12-23T13:28:27.398+0500 [DEBUG] [org.gradle.launcher.daemon.server.DefaultIncomingConnectionHandler] Starting executing command: Build{id=dc4209b5-4ce9-4963-8278-2f56cc7486ce, currentDir=/home/danil/.vscode/extensions/vscjava.vscode-gradle-3.17.2025090802/lib} with connection: socket connection from /127.0.0.1:41055 to /127.0.0.1:46330.
2025-12-23T13:28:27.401+0500 [DEBUG] [org.gradle.launcher.daemon.server.DaemonStateCoordinator] Command execution: started DaemonCommandExecution[command = Build{id=dc4209b5-4ce9-4963-8278-2f56cc7486ce, currentDir=/home/danil/.vscode/extensions/vscjava.vscode-gradle-3.17.2025090802/lib}, connection = DefaultDaemonConnection: socket connection from /127.0.0.1:41055 to /127.0.0.1:46330] after 0.0022166666666666667 minutes of idle
2025-12-23T13:28:27.402+0500 [INFO] [org.gradle.launcher.daemon.server.DaemonRegistryUpdater] Marking the daemon as busy, address: [d289c488-27e5-4b81-9fb3-f7f39651ec68 port:41055, addresses:[localhost/127.0.0.1]]
2025-12-23T13:28:27.402+0500 [DEBUG] [org.gradle.launcher.daemon.registry.PersistentDaemonRegistry] Marking busy by address: [d289c488-27e5-4b81-9fb3-f7f39651ec68 port:41055, addresses:[localhost/127.0.0.1]]
2025-12-23T13:28:27.403+0500 [DEBUG] [org.gradle.cache.internal.DefaultFileLockManager] Waiting to acquire exclusive lock on daemon addresses registry.
2025-12-23T13:28:27.403+0500 [DEBUG] [org.gradle.cache.internal.DefaultFileLockManager] Lock acquired on daemon addresses registry.
2025-12-23T13:28:27.405+0500 [DEBUG] [org.gradle.cache.internal.DefaultFileLockManager] Releasing lock on daemon addresses registry.
2025-12-23T13:28:27.406+0500 [DEBUG] [org.gradle.launcher.daemon.server.DaemonStateCoordinator] resetting idle timer
2025-12-23T13:28:27.406+0500 [DEBUG] [org.gradle.launcher.daemon.server.DaemonStateCoordinator] daemon is running. Sleeping until state changes.
2025-12-23T13:28:27.408+0500 [INFO] [org.gradle.launcher.daemon.server.exec.StartBuildOrRespondWithBusy] Daemon is about to start building Build{id=dc4209b5-4ce9-4963-8278-2f56cc7486ce, currentDir=/home/danil/.vscode/extensions/vscjava.vscode-gradle-3.17.2025090802/lib}. Dispatching build started information...
2025-12-23T13:28:27.409+0500 [DEBUG] [org.gradle.launcher.daemon.server.SynchronizedDispatchConnection] thread 42: dispatching org.gradle.launcher.daemon.protocol.BuildStarted@30b2b861
2025-12-23T13:28:27.412+0500 [DEBUG] [org.gradle.launcher.daemon.server.exec.EstablishBuildEnvironment] Configuring env variables: [PATH, XAUTHORITY, LC_MEASUREMENT, XMODIFIERS, LC_TELEPHONE, XDG_DATA_DIRS, GDMSESSION, GRADLE_SERVER_OPTS, GTK_IM_MODULE, DBUS_SESSION_BUS_ADDRESS, VSCODE_PID, XDG_CURRENT_DESKTOP, COLORTERM, LC_PAPER, SDKMAN_DIR, SESSION_MANAGER, LOGNAME, PWD, VSCODE_NLS_CONFIG, SDKMAN_BROKER_API, LANGUAGE, SHELL, LESSOPEN, VSCODE_CRASH_REPORTER_PROCESS_TYPE, CHROME_DESKTOP, LC_ADDRESS, SDKMAN_CANDIDATES_API, OLDPWD, VSCODE_CODE_CACHE_PATH, GNOME_DESKTOP_SESSION_ID, GNOME_TERMINAL_SCREEN, GTK_MODULES, VSCODE_CLI, CLUTTER_IM_MODULE, XDG_SESSION_PATH, LS_COLORS, XDG_SESSION_DESKTOP, SHLVL, LC_IDENTIFICATION, VSCODE_JAVA_HOME, LESSCLOSE, LC_MONETARY, COMPIZ_CONFIG_PROFILE, VSCODE_HANDLES_UNCAUGHT_ERRORS, QT_IM_MODULE, ELECTRON_NO_ATTACH_CONSOLE, TERM, XDG_CONFIG_DIRS, GNOME_TERMINAL_SERVICE, XDG_SEAT_PATH, LANG, XDG_SESSION_ID, XDG_SESSION_TYPE, GRADLE_HOME, DISPLAY, ELECTRON_RUN_AS_NODE, NVM_INC, FC_FONTATIONS, CINNAMON_VERSION, LC_NAME, SDKMAN_CANDIDATES_DIR, XDG_SESSION_CLASS, _, VSCODE_CWD, GDM_LANG, NVM_DIR, VSCODE_ESM_ENTRYPOINT, GDK_BACKEND, GTK3_MODULES, XDG_GREETER_DATA_DIR, GPG_AGENT_INFO, DESKTOP_SESSION, SDKMAN_PLATFORM, USER, QT_ACCESSIBILITY, VTE_VERSION, LC_NUMERIC, XDG_SEAT, SSH_AUTH_SOCK, XDG_VTNR, XDG_RUNTIME_DIR, NVM_BIN, HOME, VSCODE_IPC_HOOK]
2025-12-23T13:28:27.419+0500 [DEBUG] [org.gradle.launcher.daemon.server.exec.LogToClient] About to start relaying all logs to the client via the connection.
2025-12-23T13:28:27.420+0500 [INFO] [org.gradle.launcher.daemon.server.exec.LogToClient] The client will now receive all logging from the daemon (pid: 23120). The daemon log file: /home/danil/repos/openBilim/~/.gradle/daemon/9.0.0/daemon-23120.out.log
2025-12-23T13:28:27.423+0500 [INFO] [org.gradle.launcher.daemon.server.exec.LogAndCheckHealth] Starting build in new daemon [memory: 512 MiB]
2025-12-23T13:28:27.433+0500 [DEBUG] [org.gradle.launcher.daemon.server.exec.ExecuteBuild] The daemon has started executing the build.
2025-12-23T13:28:27.433+0500 [DEBUG] [org.gradle.launcher.daemon.server.exec.ExecuteBuild] Executing build with daemon context: DefaultDaemonContext[uid=06bd79c3-a5ff-4f82-8db0-0428da657fdf,javaHome=/usr/lib/jvm/java-21-openjdk-amd64,javaVersion=21,javaVendor=Ubuntu,daemonRegistryDir=/home/danil/repos/openBilim/~/.gradle/daemon,pid=23120,idleTimeout=10800000,priority=NORMAL,applyInstrumentationAgent=true,nativeServicesMode=ENABLED,daemonOpts=-XX:MaxMetaspaceSize=384m,-XX:+HeapDumpOnOutOfMemoryError,-Xms256m,-Xmx512m,-Dfile.encoding=UTF-8,-Duser.country=US,-Duser.language=en,-Duser.variant]

FAILURE: Build failed with an exception.

* What went wrong:
A build operation failed.
    The contents of the immutable workspace '/home/danil/repos/openBilim/~/.gradle/caches/9.0.0/transforms/ef35bb96e5cf6210557c54dbb2c416f5' have been modified. These workspace directories are not supposed to be modified once they are created. The modification might have been caused by an external process, or could be the result of disk corruption.
outputDirectory:
 - transformed (Missing, b2b4c679e0de9c339f26fecdcb3b8cd5)

resultsFile:
 - results.bin (RegularFile, f571933bb948577b1f9f3076fb8fc7c6)

> The contents of the immutable workspace '/home/danil/repos/openBilim/~/.gradle/caches/9.0.0/transforms/ef35bb96e5cf6210557c54dbb2c416f5' have been modified. These workspace directories are not supposed to be modified once they are created. The modification might have been caused by an external process, or could be the result of disk corruption.
  outputDirectory:
   - transformed (Missing, b2b4c679e0de9c339f26fecdcb3b8cd5)
  
  resultsFile:
   - results.bin (RegularFile, f571933bb948577b1f9f3076fb8fc7c6)


* Try:
> Run with --stacktrace option to get the stack trace.
> Run with --info or --debug option to get more log output.
> Run with --scan to generate a Build Scan (Powered by Develocity).
> Get more help at https://help.gradle.org.

CONFIGURE FAILED in 7s
2025-12-23T13:28:33.258+0500 [DEBUG] [org.gradle.launcher.daemon.server.exec.ExecuteBuild] The daemon has finished executing the build.
2025-12-23T13:28:33.272+0500 [DEBUG] [org.gradle.launcher.daemon.server.DaemonStateCoordinator] daemon is running. Sleeping until state changes.
2025-12-23T13:28:33.273+0500 [DEBUG] [org.gradle.launcher.daemon.server.DaemonStateCoordinator] Command execution: finished waiting for DaemonCommandExecution[command = Build{id=dc4209b5-4ce9-4963-8278-2f56cc7486ce, currentDir=/home/danil/.vscode/extensions/vscjava.vscode-gradle-3.17.2025090802/lib}, connection = DefaultDaemonConnection: socket connection from /127.0.0.1:41055 to /127.0.0.1:46330]. Result org.gradle.launcher.daemon.server.DaemonStateCoordinator@54aad57c with state Busy
2025-12-23T13:28:33.273+0500 [DEBUG] [org.gradle.launcher.daemon.server.DaemonStateCoordinator] Command execution: completed DaemonCommandExecution[command = Build{id=dc4209b5-4ce9-4963-8278-2f56cc7486ce, currentDir=/home/danil/.vscode/extensions/vscjava.vscode-gradle-3.17.2025090802/lib}, connection = DefaultDaemonConnection: socket connection from /127.0.0.1:41055 to /127.0.0.1:46330]
2025-12-23T13:28:33.273+0500 [DEBUG] [org.gradle.launcher.daemon.server.DaemonStateCoordinator] resetting idle timer
2025-12-23T13:28:33.273+0500 [INFO] [org.gradle.launcher.daemon.server.DaemonRegistryUpdater] Marking the daemon as idle, address: [d289c488-27e5-4b81-9fb3-f7f39651ec68 port:41055, addresses:[localhost/127.0.0.1]]
2025-12-23T13:28:33.274+0500 [DEBUG] [org.gradle.launcher.daemon.registry.PersistentDaemonRegistry] Marking busy by address: [d289c488-27e5-4b81-9fb3-f7f39651ec68 port:41055, addresses:[localhost/127.0.0.1]]
2025-12-23T13:28:33.275+0500 [DEBUG] [org.gradle.cache.internal.DefaultFileLockManager] Waiting to acquire exclusive lock on daemon addresses registry.
2025-12-23T13:28:33.276+0500 [DEBUG] [org.gradle.cache.internal.DefaultFileLockManager] Lock acquired on daemon addresses registry.
2025-12-23T13:28:33.277+0500 [DEBUG] [org.gradle.cache.internal.DefaultFileLockManager] Releasing lock on daemon addresses registry.
2025-12-23T13:28:33.278+0500 [DEBUG] [org.gradle.launcher.daemon.server.DaemonStateCoordinator] daemon is running. Sleeping until state changes.
2025-12-23T13:28:33.278+0500 [DEBUG] [org.gradle.launcher.daemon.server.exec.ReturnResult] Daemon is dispatching the build result: Success[value=org.gradle.launcher.exec.BuildActionResult@37eac414]
2025-12-23T13:28:33.278+0500 [DEBUG] [org.gradle.launcher.daemon.server.SynchronizedDispatchConnection] thread 39: dispatching Success[value=org.gradle.launcher.exec.BuildActionResult@37eac414]
2025-12-23T13:28:33.285+0500 [DEBUG] [org.gradle.launcher.daemon.server.exec.CleanUpVirtualFileSystemAfterBuild] Cleaning virtual file system after build finished
2025-12-23T13:28:33.285+0500 [DEBUG] [org.gradle.launcher.daemon.server.DefaultIncomingConnectionHandler] Finishing executing command: Build{id=dc4209b5-4ce9-4963-8278-2f56cc7486ce, currentDir=/home/danil/.vscode/extensions/vscjava.vscode-gradle-3.17.2025090802/lib}
2025-12-23T13:28:33.306+0500 [DEBUG] [org.gradle.launcher.daemon.server.SynchronizedDispatchConnection] thread 40: received class org.gradle.launcher.daemon.protocol.CloseInput
2025-12-23T13:28:33.307+0500 [DEBUG] [org.gradle.launcher.daemon.server.DefaultDaemonConnection] thread 40: Received IO message from client: org.gradle.launcher.daemon.protocol.CloseInput@23aae118
2025-12-23T13:28:33.307+0500 [DEBUG] [org.gradle.launcher.daemon.server.SynchronizedDispatchConnection] thread 40: received class org.gradle.launcher.daemon.protocol.Finished
2025-12-23T13:28:33.307+0500 [DEBUG] [org.gradle.launcher.daemon.server.DefaultDaemonConnection] thread 40: Received non-IO message from client: org.gradle.launcher.daemon.protocol.Finished@447efd72
2025-12-23T13:28:33.307+0500 [DEBUG] [org.gradle.launcher.daemon.server.DefaultIncomingConnectionHandler] Received finished message: org.gradle.launcher.daemon.protocol.Finished@447efd72
2025-12-23T13:28:33.307+0500 [DEBUG] [org.gradle.internal.remote.internal.inet.SocketConnection] Discarding EOFException: java.io.EOFException
2025-12-23T13:28:33.308+0500 [DEBUG] [org.gradle.launcher.daemon.server.SynchronizedDispatchConnection] thread 40: received null
2025-12-23T13:28:33.308+0500 [DEBUG] [org.gradle.launcher.daemon.server.SynchronizedDispatchConnection] thread 39: stopping connection
2025-12-23T13:28:33.308+0500 [DEBUG] [org.gradle.launcher.daemon.server.DefaultDaemonConnection] thread 40: Received end-of-input from client.
2025-12-23T13:28:33.311+0500 [DEBUG] [org.gradle.launcher.daemon.server.SynchronizedDispatchConnection] thread 39: stopping connection
2025-12-23T13:28:33.458+0500 [DEBUG] [org.gradle.internal.remote.internal.inet.TcpIncomingConnector] Accepted connection from /127.0.0.1:48586 to /127.0.0.1:41055.
2025-12-23T13:28:33.462+0500 [DEBUG] [org.gradle.launcher.daemon.server.SynchronizedDispatchConnection] thread 74: received class org.gradle.launcher.daemon.protocol.Build
2025-12-23T13:28:33.462+0500 [DEBUG] [org.gradle.launcher.daemon.server.DefaultDaemonConnection] thread 74: Received non-IO message from client: Build{id=66753804-913f-4045-b68c-25cc51bca59f, currentDir=/home/danil/.vscode/extensions/vscjava.vscode-gradle-3.17.2025090802/lib}
2025-12-23T13:28:33.463+0500 [INFO] [org.gradle.launcher.daemon.server.DefaultIncomingConnectionHandler] Received command: Build{id=66753804-913f-4045-b68c-25cc51bca59f, currentDir=/home/danil/.vscode/extensions/vscjava.vscode-gradle-3.17.2025090802/lib}.
2025-12-23T13:28:33.463+0500 [DEBUG] [org.gradle.launcher.daemon.server.DefaultIncomingConnectionHandler] Starting executing command: Build{id=66753804-913f-4045-b68c-25cc51bca59f, currentDir=/home/danil/.vscode/extensions/vscjava.vscode-gradle-3.17.2025090802/lib} with connection: socket connection from /127.0.0.1:41055 to /127.0.0.1:48586.
2025-12-23T13:28:33.463+0500 [DEBUG] [org.gradle.launcher.daemon.server.DaemonStateCoordinator] Command execution: started DaemonCommandExecution[command = Build{id=66753804-913f-4045-b68c-25cc51bca59f, currentDir=/home/danil/.vscode/extensions/vscjava.vscode-gradle-3.17.2025090802/lib}, connection = DefaultDaemonConnection: socket connection from /127.0.0.1:41055 to /127.0.0.1:48586] after 0.0031666666666666666 minutes of idle
2025-12-23T13:28:33.464+0500 [INFO] [org.gradle.launcher.daemon.server.DaemonRegistryUpdater] Marking the daemon as busy, address: [d289c488-27e5-4b81-9fb3-f7f39651ec68 port:41055, addresses:[localhost/127.0.0.1]]
2025-12-23T13:28:33.464+0500 [DEBUG] [org.gradle.launcher.daemon.registry.PersistentDaemonRegistry] Marking busy by address: [d289c488-27e5-4b81-9fb3-f7f39651ec68 port:41055, addresses:[localhost/127.0.0.1]]
2025-12-23T13:28:33.464+0500 [DEBUG] [org.gradle.cache.internal.DefaultFileLockManager] Waiting to acquire exclusive lock on daemon addresses registry.
2025-12-23T13:28:33.465+0500 [DEBUG] [org.gradle.cache.internal.DefaultFileLockManager] Lock acquired on daemon addresses registry.
2025-12-23T13:28:33.465+0500 [DEBUG] [org.gradle.cache.internal.DefaultFileLockManager] Releasing lock on daemon addresses registry.
2025-12-23T13:28:33.466+0500 [DEBUG] [org.gradle.launcher.daemon.server.DaemonStateCoordinator] resetting idle timer
2025-12-23T13:28:33.466+0500 [DEBUG] [org.gradle.launcher.daemon.server.DaemonStateCoordinator] daemon is running. Sleeping until state changes.
2025-12-23T13:28:33.466+0500 [INFO] [org.gradle.launcher.daemon.server.exec.StartBuildOrRespondWithBusy] Daemon is about to start building Build{id=66753804-913f-4045-b68c-25cc51bca59f, currentDir=/home/danil/.vscode/extensions/vscjava.vscode-gradle-3.17.2025090802/lib}. Dispatching build started information...
2025-12-23T13:28:33.466+0500 [DEBUG] [org.gradle.launcher.daemon.server.SynchronizedDispatchConnection] thread 42: dispatching org.gradle.launcher.daemon.protocol.BuildStarted@4c1f858d
2025-12-23T13:28:33.468+0500 [DEBUG] [org.gradle.launcher.daemon.server.exec.EstablishBuildEnvironment] Configuring env variables: [PATH, XAUTHORITY, LC_MEASUREMENT, XMODIFIERS, LC_TELEPHONE, XDG_DATA_DIRS, GDMSESSION, GRADLE_SERVER_OPTS, GTK_IM_MODULE, DBUS_SESSION_BUS_ADDRESS, VSCODE_PID, XDG_CURRENT_DESKTOP, COLORTERM, LC_PAPER, SDKMAN_DIR, SESSION_MANAGER, LOGNAME, PWD, VSCODE_NLS_CONFIG, SDKMAN_BROKER_API, LANGUAGE, SHELL, LESSOPEN, VSCODE_CRASH_REPORTER_PROCESS_TYPE, CHROME_DESKTOP, LC_ADDRESS, SDKMAN_CANDIDATES_API, OLDPWD, VSCODE_CODE_CACHE_PATH, GNOME_DESKTOP_SESSION_ID, GNOME_TERMINAL_SCREEN, GTK_MODULES, VSCODE_CLI, CLUTTER_IM_MODULE, XDG_SESSION_PATH, LS_COLORS, XDG_SESSION_DESKTOP, SHLVL, LC_IDENTIFICATION, VSCODE_JAVA_HOME, LESSCLOSE, LC_MONETARY, COMPIZ_CONFIG_PROFILE, VSCODE_HANDLES_UNCAUGHT_ERRORS, QT_IM_MODULE, ELECTRON_NO_ATTACH_CONSOLE, TERM, XDG_CONFIG_DIRS, GNOME_TERMINAL_SERVICE, XDG_SEAT_PATH, LANG, XDG_SESSION_ID, XDG_SESSION_TYPE, GRADLE_HOME, DISPLAY, ELECTRON_RUN_AS_NODE, NVM_INC, FC_FONTATIONS, CINNAMON_VERSION, LC_NAME, SDKMAN_CANDIDATES_DIR, XDG_SESSION_CLASS, _, VSCODE_CWD, GDM_LANG, NVM_DIR, VSCODE_ESM_ENTRYPOINT, GDK_BACKEND, GTK3_MODULES, XDG_GREETER_DATA_DIR, GPG_AGENT_INFO, DESKTOP_SESSION, SDKMAN_PLATFORM, USER, QT_ACCESSIBILITY, VTE_VERSION, LC_NUMERIC, XDG_SEAT, SSH_AUTH_SOCK, XDG_VTNR, XDG_RUNTIME_DIR, NVM_BIN, HOME, VSCODE_IPC_HOOK]
2025-12-23T13:28:33.471+0500 [DEBUG] [org.gradle.launcher.daemon.server.exec.LogToClient] About to start relaying all logs to the client via the connection.
2025-12-23T13:28:33.472+0500 [INFO] [org.gradle.launcher.daemon.server.exec.LogToClient] The client will now receive all logging from the daemon (pid: 23120). The daemon log file: /home/danil/repos/openBilim/~/.gradle/daemon/9.0.0/daemon-23120.out.log
2025-12-23T13:28:33.474+0500 [INFO] [org.gradle.launcher.daemon.server.exec.LogAndCheckHealth] Starting 2nd build in daemon [uptime: 6.322 secs, performance: 99%, GC rate: 0.00/s, heap usage: 0% of 512 MiB, non-heap usage: 7% of 384 MiB]
2025-12-23T13:28:33.475+0500 [DEBUG] [org.gradle.launcher.daemon.server.exec.ExecuteBuild] The daemon has started executing the build.
2025-12-23T13:28:33.475+0500 [DEBUG] [org.gradle.launcher.daemon.server.exec.ExecuteBuild] Executing build with daemon context: DefaultDaemonContext[uid=06bd79c3-a5ff-4f82-8db0-0428da657fdf,javaHome=/usr/lib/jvm/java-21-openjdk-amd64,javaVersion=21,javaVendor=Ubuntu,daemonRegistryDir=/home/danil/repos/openBilim/~/.gradle/daemon,pid=23120,idleTimeout=10800000,priority=NORMAL,applyInstrumentationAgent=true,nativeServicesMode=ENABLED,daemonOpts=-XX:MaxMetaspaceSize=384m,-XX:+HeapDumpOnOutOfMemoryError,-Xms256m,-Xmx512m,-Dfile.encoding=UTF-8,-Duser.country=US,-Duser.language=en,-Duser.variant]

FAILURE: Build failed with an exception.

* What went wrong:
A build operation failed.
    The contents of the immutable workspace '/home/danil/repos/openBilim/~/.gradle/caches/9.0.0/transforms/ef35bb96e5cf6210557c54dbb2c416f5' have been modified. These workspace directories are not supposed to be modified once they are created. The modification might have been caused by an external process, or could be the result of disk corruption.
outputDirectory:
 - transformed (Missing, b2b4c679e0de9c339f26fecdcb3b8cd5)

resultsFile:
 - results.bin (RegularFile, f571933bb948577b1f9f3076fb8fc7c6)

> The contents of the immutable workspace '/home/danil/repos/openBilim/~/.gradle/caches/9.0.0/transforms/ef35bb96e5cf6210557c54dbb2c416f5' have been modified. These workspace directories are not supposed to be modified once they are created. The modification might have been caused by an external process, or could be the result of disk corruption.
  outputDirectory:
   - transformed (Missing, b2b4c679e0de9c339f26fecdcb3b8cd5)
  
  resultsFile:
   - results.bin (RegularFile, f571933bb948577b1f9f3076fb8fc7c6)


* Try:
> Run with --stacktrace option to get the stack trace.
> Run with --info or --debug option to get more log output.
> Run with --scan to generate a Build Scan (Powered by Develocity).
> Get more help at https://help.gradle.org.

CONFIGURE FAILED in 89ms
2025-12-23T13:28:33.546+0500 [DEBUG] [org.gradle.launcher.daemon.server.exec.ExecuteBuild] The daemon has finished executing the build.
2025-12-23T13:28:33.558+0500 [DEBUG] [org.gradle.launcher.daemon.server.DaemonStateCoordinator] daemon is running. Sleeping until state changes.
2025-12-23T13:28:33.559+0500 [DEBUG] [org.gradle.launcher.daemon.server.DaemonStateCoordinator] Command execution: finished waiting for DaemonCommandExecution[command = Build{id=66753804-913f-4045-b68c-25cc51bca59f, currentDir=/home/danil/.vscode/extensions/vscjava.vscode-gradle-3.17.2025090802/lib}, connection = DefaultDaemonConnection: socket connection from /127.0.0.1:41055 to /127.0.0.1:48586]. Result org.gradle.launcher.daemon.server.DaemonStateCoordinator@54aad57c with state Busy
2025-12-23T13:28:33.559+0500 [DEBUG] [org.gradle.launcher.daemon.server.DaemonStateCoordinator] Command execution: completed DaemonCommandExecution[command = Build{id=66753804-913f-4045-b68c-25cc51bca59f, currentDir=/home/danil/.vscode/extensions/vscjava.vscode-gradle-3.17.2025090802/lib}, connection = DefaultDaemonConnection: socket connection from /127.0.0.1:41055 to /127.0.0.1:48586]
2025-12-23T13:28:33.559+0500 [DEBUG] [org.gradle.launcher.daemon.server.DaemonStateCoordinator] resetting idle timer
2025-12-23T13:28:33.559+0500 [INFO] [org.gradle.launcher.daemon.server.DaemonRegistryUpdater] Marking the daemon as idle, address: [d289c488-27e5-4b81-9fb3-f7f39651ec68 port:41055, addresses:[localhost/127.0.0.1]]
2025-12-23T13:28:33.560+0500 [DEBUG] [org.gradle.launcher.daemon.registry.PersistentDaemonRegistry] Marking busy by address: [d289c488-27e5-4b81-9fb3-f7f39651ec68 port:41055, addresses:[localhost/127.0.0.1]]
2025-12-23T13:28:33.560+0500 [DEBUG] [org.gradle.cache.internal.DefaultFileLockManager] Waiting to acquire exclusive lock on daemon addresses registry.
2025-12-23T13:28:33.560+0500 [DEBUG] [org.gradle.cache.internal.DefaultFileLockManager] Lock acquired on daemon addresses registry.
2025-12-23T13:28:33.561+0500 [DEBUG] [org.gradle.cache.internal.DefaultFileLockManager] Releasing lock on daemon addresses registry.
2025-12-23T13:28:33.561+0500 [DEBUG] [org.gradle.launcher.daemon.server.DaemonStateCoordinator] daemon is running. Sleeping until state changes.
2025-12-23T13:28:33.561+0500 [DEBUG] [org.gradle.launcher.daemon.server.exec.ReturnResult] Daemon is dispatching the build result: Success[value=org.gradle.launcher.exec.BuildActionResult@4933780a]
2025-12-23T13:28:33.562+0500 [DEBUG] [org.gradle.launcher.daemon.server.SynchronizedDispatchConnection] thread 39: dispatching Success[value=org.gradle.launcher.exec.BuildActionResult@4933780a]
2025-12-23T13:28:33.565+0500 [DEBUG] [org.gradle.launcher.daemon.server.exec.CleanUpVirtualFileSystemAfterBuild] Cleaning virtual file system after build finished
2025-12-23T13:28:33.565+0500 [DEBUG] [org.gradle.launcher.daemon.server.DefaultIncomingConnectionHandler] Finishing executing command: Build{id=66753804-913f-4045-b68c-25cc51bca59f, currentDir=/home/danil/.vscode/extensions/vscjava.vscode-gradle-3.17.2025090802/lib}
2025-12-23T13:28:33.569+0500 [DEBUG] [org.gradle.launcher.daemon.server.SynchronizedDispatchConnection] thread 74: received class org.gradle.launcher.daemon.protocol.CloseInput
2025-12-23T13:28:33.569+0500 [DEBUG] [org.gradle.launcher.daemon.server.DefaultDaemonConnection] thread 74: Received IO message from client: org.gradle.launcher.daemon.protocol.CloseInput@11451da1
2025-12-23T13:28:33.570+0500 [DEBUG] [org.gradle.launcher.daemon.server.SynchronizedDispatchConnection] thread 74: received class org.gradle.launcher.daemon.protocol.Finished
2025-12-23T13:28:33.570+0500 [DEBUG] [org.gradle.launcher.daemon.server.DefaultDaemonConnection] thread 74: Received non-IO message from client: org.gradle.launcher.daemon.protocol.Finished@1f82e1f9
2025-12-23T13:28:33.570+0500 [DEBUG] [org.gradle.internal.remote.internal.inet.SocketConnection] Discarding EOFException: java.io.EOFException
2025-12-23T13:28:33.570+0500 [DEBUG] [org.gradle.launcher.daemon.server.DefaultIncomingConnectionHandler] Received finished message: org.gradle.launcher.daemon.protocol.Finished@1f82e1f9
2025-12-23T13:28:33.570+0500 [DEBUG] [org.gradle.launcher.daemon.server.SynchronizedDispatchConnection] thread 74: received null
2025-12-23T13:28:33.570+0500 [DEBUG] [org.gradle.launcher.daemon.server.SynchronizedDispatchConnection] thread 39: stopping connection
2025-12-23T13:28:33.571+0500 [DEBUG] [org.gradle.launcher.daemon.server.DefaultDaemonConnection] thread 74: Received end-of-input from client.
2025-12-23T13:28:33.571+0500 [DEBUG] [org.gradle.launcher.daemon.server.SynchronizedDispatchConnection] thread 39: stopping connection
2025-12-23T13:28:37.321+0500 [DEBUG] [org.gradle.cache.internal.DefaultFileLockManager] Waiting to acquire shared lock on daemon addresses registry.
2025-12-23T13:28:37.321+0500 [DEBUG] [org.gradle.cache.internal.DefaultFileLockManager] Lock acquired on daemon addresses registry.
2025-12-23T13:28:37.321+0500 [DEBUG] [org.gradle.cache.internal.DefaultFileLockManager] Releasing lock on daemon addresses registry.
2025-12-23T13:28:37.322+0500 [DEBUG] [org.gradle.cache.internal.DefaultFileLockManager] Waiting to acquire shared lock on daemon addresses registry.
2025-12-23T13:28:37.323+0500 [DEBUG] [org.gradle.cache.internal.DefaultFileLockManager] Lock acquired on daemon addresses registry.
2025-12-23T13:28:37.323+0500 [DEBUG] [org.gradle.cache.internal.DefaultFileLockManager] Releasing lock on daemon addresses registry.
2025-12-23T13:28:47.320+0500 [DEBUG] [org.gradle.cache.internal.DefaultFileLockManager] Waiting to acquire shared lock on daemon addresses registry.
2025-12-23T13:28:47.321+0500 [DEBUG] [org.gradle.cache.internal.DefaultFileLockManager] Lock acquired on daemon addresses registry.
2025-12-23T13:28:47.321+0500 [DEBUG] [org.gradle.cache.internal.DefaultFileLockManager] Releasing lock on daemon addresses registry.
2025-12-23T13:28:47.322+0500 [DEBUG] [org.gradle.cache.internal.DefaultFileLockManager] Waiting to acquire shared lock on daemon addresses registry.
2025-12-23T13:28:47.323+0500 [DEBUG] [org.gradle.cache.internal.DefaultFileLockManager] Lock acquired on daemon addresses registry.
2025-12-23T13:28:47.323+0500 [DEBUG] [org.gradle.cache.internal.DefaultFileLockManager] Releasing lock on daemon addresses registry.
2025-12-23T13:28:47.324+0500 [DEBUG] [org.gradle.cache.internal.DefaultFileLockManager] Waiting to acquire shared lock on daemon addresses registry.
2025-12-23T13:28:47.324+0500 [DEBUG] [org.gradle.cache.internal.DefaultFileLockManager] Lock acquired on daemon addresses registry.
2025-12-23T13:28:47.324+0500 [DEBUG] [org.gradle.cache.internal.DefaultFileLockManager] Releasing lock on daemon addresses registry.
2025-12-23T13:28:57.320+0500 [DEBUG] [org.gradle.cache.internal.DefaultFileLockManager] Waiting to acquire shared lock on daemon addresses registry.
2025-12-23T13:28:57.320+0500 [DEBUG] [org.gradle.cache.internal.DefaultFileLockManager] Lock acquired on daemon addresses registry.
2025-12-23T13:28:57.320+0500 [DEBUG] [org.gradle.cache.internal.DefaultFileLockManager] Releasing lock on daemon addresses registry.
2025-12-23T13:28:57.321+0500 [DEBUG] [org.gradle.cache.internal.DefaultFileLockManager] Waiting to acquire shared lock on daemon addresses registry.
2025-12-23T13:28:57.321+0500 [DEBUG] [org.gradle.cache.internal.DefaultFileLockManager] Lock acquired on daemon addresses registry.
2025-12-23T13:28:57.322+0500 [DEBUG] [org.gradle.cache.internal.DefaultFileLockManager] Releasing lock on daemon addresses registry.
2025-12-23T13:28:57.322+0500 [DEBUG] [org.gradle.cache.internal.DefaultFileLockManager] Waiting to acquire shared lock on daemon addresses registry.
2025-12-23T13:28:57.323+0500 [DEBUG] [org.gradle.cache.internal.DefaultFileLockManager] Lock acquired on daemon addresses registry.
2025-12-23T13:28:57.323+0500 [DEBUG] [org.gradle.cache.internal.DefaultFileLockManager] Releasing lock on daemon addresses registry.
2025-12-23T13:29:07.320+0500 [DEBUG] [org.gradle.cache.internal.DefaultFileLockManager] Waiting to acquire shared lock on daemon addresses registry.
2025-12-23T13:29:07.320+0500 [DEBUG] [org.gradle.cache.internal.DefaultFileLockManager] Lock acquired on daemon addresses registry.
2025-12-23T13:29:07.320+0500 [DEBUG] [org.gradle.cache.internal.DefaultFileLockManager] Releasing lock on daemon addresses registry.
2025-12-23T13:29:07.321+0500 [DEBUG] [org.gradle.cache.internal.DefaultFileLockManager] Waiting to acquire shared lock on daemon addresses registry.
2025-12-23T13:29:07.321+0500 [DEBUG] [org.gradle.cache.internal.DefaultFileLockManager] Lock acquired on daemon addresses registry.
2025-12-23T13:29:07.321+0500 [DEBUG] [org.gradle.cache.internal.DefaultFileLockManager] Releasing lock on daemon addresses registry.
2025-12-23T13:29:07.321+0500 [DEBUG] [org.gradle.cache.internal.DefaultFileLockManager] Waiting to acquire shared lock on daemon addresses registry.
2025-12-23T13:29:07.322+0500 [DEBUG] [org.gradle.cache.internal.DefaultFileLockManager] Lock acquired on daemon addresses registry.
2025-12-23T13:29:07.322+0500 [DEBUG] [org.gradle.cache.internal.DefaultFileLockManager] Releasing lock on daemon addresses registry.
2025-12-23T13:29:17.320+0500 [DEBUG] [org.gradle.cache.internal.DefaultFileLockManager] Waiting to acquire shared lock on daemon addresses registry.
2025-12-23T13:29:17.321+0500 [DEBUG] [org.gradle.cache.internal.DefaultFileLockManager] Lock acquired on daemon addresses registry.
2025-12-23T13:29:17.322+0500 [DEBUG] [org.gradle.cache.internal.DefaultFileLockManager] Releasing lock on daemon addresses registry.
2025-12-23T13:29:17.323+0500 [DEBUG] [org.gradle.cache.internal.DefaultFileLockManager] Waiting to acquire shared lock on daemon addresses registry.
2025-12-23T13:29:17.323+0500 [DEBUG] [org.gradle.cache.internal.DefaultFileLockManager] Lock acquired on daemon addresses registry.
2025-12-23T13:29:17.324+0500 [DEBUG] [org.gradle.cache.internal.DefaultFileLockManager] Releasing lock on daemon addresses registry.
2025-12-23T13:29:17.324+0500 [DEBUG] [org.gradle.cache.internal.DefaultFileLockManager] Waiting to acquire shared lock on daemon addresses registry.
2025-12-23T13:29:17.325+0500 [DEBUG] [org.gradle.cache.internal.DefaultFileLockManager] Lock acquired on daemon addresses registry.
2025-12-23T13:29:17.325+0500 [DEBUG] [org.gradle.cache.internal.DefaultFileLockManager] Releasing lock on daemon addresses registry.
2025-12-23T13:29:27.319+0500 [DEBUG] [org.gradle.cache.internal.DefaultFileLockManager] Waiting to acquire shared lock on daemon addresses registry.
2025-12-23T13:29:27.320+0500 [DEBUG] [org.gradle.cache.internal.DefaultFileLockManager] Lock acquired on daemon addresses registry.
2025-12-23T13:29:27.320+0500 [DEBUG] [org.gradle.cache.internal.DefaultFileLockManager] Releasing lock on daemon addresses registry.
2025-12-23T13:29:27.320+0500 [DEBUG] [org.gradle.cache.internal.DefaultFileLockManager] Waiting to acquire shared lock on daemon addresses registry.
2025-12-23T13:29:27.321+0500 [DEBUG] [org.gradle.cache.internal.DefaultFileLockManager] Lock acquired on daemon addresses registry.
2025-12-23T13:29:27.321+0500 [DEBUG] [org.gradle.cache.internal.DefaultFileLockManager] Releasing lock on daemon addresses registry.
2025-12-23T13:29:27.321+0500 [DEBUG] [org.gradle.cache.internal.DefaultFileLockManager] Waiting to acquire shared lock on daemon addresses registry.
2025-12-23T13:29:27.321+0500 [DEBUG] [org.gradle.cache.internal.DefaultFileLockManager] Lock acquired on daemon addresses registry.
2025-12-23T13:29:27.321+0500 [DEBUG] [org.gradle.cache.internal.DefaultFileLockManager] Releasing lock on daemon addresses registry.
2025-12-23T13:29:37.320+0500 [DEBUG] [org.gradle.cache.internal.DefaultFileLockManager] Waiting to acquire shared lock on daemon addresses registry.
2025-12-23T13:29:37.321+0500 [DEBUG] [org.gradle.cache.internal.DefaultFileLockManager] Lock acquired on daemon addresses registry.
2025-12-23T13:29:37.321+0500 [DEBUG] [org.gradle.cache.internal.DefaultFileLockManager] Releasing lock on daemon addresses registry.
2025-12-23T13:29:37.322+0500 [DEBUG] [org.gradle.cache.internal.DefaultFileLockManager] Waiting to acquire shared lock on daemon addresses registry.
2025-12-23T13:29:37.322+0500 [DEBUG] [org.gradle.cache.internal.DefaultFileLockManager] Lock acquired on daemon addresses registry.
2025-12-23T13:29:37.322+0500 [DEBUG] [org.gradle.cache.internal.DefaultFileLockManager] Releasing lock on daemon addresses registry.
2025-12-23T13:29:37.322+0500 [DEBUG] [org.gradle.cache.internal.DefaultFileLockManager] Waiting to acquire shared lock on daemon addresses registry.
2025-12-23T13:29:37.323+0500 [DEBUG] [org.gradle.cache.internal.DefaultFileLockManager] Lock acquired on daemon addresses registry.
2025-12-23T13:29:37.323+0500 [DEBUG] [org.gradle.cache.internal.DefaultFileLockManager] Releasing lock on daemon addresses registry.
2025-12-23T13:29:47.320+0500 [DEBUG] [org.gradle.cache.internal.DefaultFileLockManager] Waiting to acquire shared lock on daemon addresses registry.
2025-12-23T13:29:47.321+0500 [DEBUG] [org.gradle.cache.internal.DefaultFileLockManager] Lock acquired on daemon addresses registry.
2025-12-23T13:29:47.322+0500 [DEBUG] [org.gradle.cache.internal.DefaultFileLockManager] Releasing lock on daemon addresses registry.
2025-12-23T13:29:47.322+0500 [DEBUG] [org.gradle.cache.internal.DefaultFileLockManager] Waiting to acquire shared lock on daemon addresses registry.
2025-12-23T13:29:47.323+0500 [DEBUG] [org.gradle.cache.internal.DefaultFileLockManager] Lock acquired on daemon addresses registry.
2025-12-23T13:29:47.323+0500 [DEBUG] [org.gradle.cache.internal.DefaultFileLockManager] Releasing lock on daemon addresses registry.
2025-12-23T13:29:47.323+0500 [DEBUG] [org.gradle.cache.internal.DefaultFileLockManager] Waiting to acquire shared lock on daemon addresses registry.
2025-12-23T13:29:47.323+0500 [DEBUG] [org.gradle.cache.internal.DefaultFileLockManager] Lock acquired on daemon addresses registry.
2025-12-23T13:29:47.324+0500 [DEBUG] [org.gradle.cache.internal.DefaultFileLockManager] Releasing lock on daemon addresses registry.
2025-12-23T13:29:57.320+0500 [DEBUG] [org.gradle.cache.internal.DefaultFileLockManager] Waiting to acquire shared lock on daemon addresses registry.
2025-12-23T13:29:57.320+0500 [DEBUG] [org.gradle.cache.internal.DefaultFileLockManager] Lock acquired on daemon addresses registry.
2025-12-23T13:29:57.321+0500 [DEBUG] [org.gradle.cache.internal.DefaultFileLockManager] Releasing lock on daemon addresses registry.
2025-12-23T13:29:57.321+0500 [DEBUG] [org.gradle.cache.internal.DefaultFileLockManager] Waiting to acquire shared lock on daemon addresses registry.
2025-12-23T13:29:57.321+0500 [DEBUG] [org.gradle.cache.internal.DefaultFileLockManager] Lock acquired on daemon addresses registry.
2025-12-23T13:29:57.321+0500 [DEBUG] [org.gradle.cache.internal.DefaultFileLockManager] Releasing lock on daemon addresses registry.
2025-12-23T13:29:57.322+0500 [DEBUG] [org.gradle.cache.internal.DefaultFileLockManager] Waiting to acquire shared lock on daemon addresses registry.
2025-12-23T13:29:57.322+0500 [DEBUG] [org.gradle.cache.internal.DefaultFileLockManager] Lock acquired on daemon addresses registry.
2025-12-23T13:29:57.322+0500 [DEBUG] [org.gradle.cache.internal.DefaultFileLockManager] Releasing lock on daemon addresses registry.
2025-12-23T13:30:07.320+0500 [DEBUG] [org.gradle.cache.internal.DefaultFileLockManager] Waiting to acquire shared lock on daemon addresses registry.
2025-12-23T13:30:07.320+0500 [DEBUG] [org.gradle.cache.internal.DefaultFileLockManager] Lock acquired on daemon addresses registry.
2025-12-23T13:30:07.320+0500 [DEBUG] [org.gradle.cache.internal.DefaultFileLockManager] Releasing lock on daemon addresses registry.
2025-12-23T13:30:07.321+0500 [DEBUG] [org.gradle.cache.internal.DefaultFileLockManager] Waiting to acquire shared lock on daemon addresses registry.
2025-12-23T13:30:07.321+0500 [DEBUG] [org.gradle.cache.internal.DefaultFileLockManager] Lock acquired on daemon addresses registry.
2025-12-23T13:30:07.321+0500 [DEBUG] [org.gradle.cache.internal.DefaultFileLockManager] Releasing lock on daemon addresses registry.
2025-12-23T13:30:07.322+0500 [DEBUG] [org.gradle.cache.internal.DefaultFileLockManager] Waiting to acquire shared lock on daemon addresses registry.
2025-12-23T13:30:07.322+0500 [DEBUG] [org.gradle.cache.internal.DefaultFileLockManager] Lock acquired on daemon addresses registry.
2025-12-23T13:30:07.322+0500 [DEBUG] [org.gradle.cache.internal.DefaultFileLockManager] Releasing lock on daemon addresses registry.
2025-12-23T13:30:17.320+0500 [DEBUG] [org.gradle.cache.internal.DefaultFileLockManager] Waiting to acquire shared lock on daemon addresses registry.
2025-12-23T13:30:17.320+0500 [DEBUG] [org.gradle.cache.internal.DefaultFileLockManager] Lock acquired on daemon addresses registry.
2025-12-23T13:30:17.321+0500 [DEBUG] [org.gradle.cache.internal.DefaultFileLockManager] Releasing lock on daemon addresses registry.
2025-12-23T13:30:17.321+0500 [DEBUG] [org.gradle.cache.internal.DefaultFileLockManager] Waiting to acquire shared lock on daemon addresses registry.
2025-12-23T13:30:17.321+0500 [DEBUG] [org.gradle.cache.internal.DefaultFileLockManager] Lock acquired on daemon addresses registry.
2025-12-23T13:30:17.321+0500 [DEBUG] [org.gradle.cache.internal.DefaultFileLockManager] Releasing lock on daemon addresses registry.
2025-12-23T13:30:17.322+0500 [DEBUG] [org.gradle.cache.internal.DefaultFileLockManager] Waiting to acquire shared lock on daemon addresses registry.
2025-12-23T13:30:17.322+0500 [DEBUG] [org.gradle.cache.internal.DefaultFileLockManager] Lock acquired on daemon addresses registry.
2025-12-23T13:30:17.322+0500 [DEBUG] [org.gradle.cache.internal.DefaultFileLockManager] Releasing lock on daemon addresses registry.
2025-12-23T13:30:27.320+0500 [DEBUG] [org.gradle.cache.internal.DefaultFileLockManager] Waiting to acquire shared lock on daemon addresses registry.
2025-12-23T13:30:27.321+0500 [DEBUG] [org.gradle.cache.internal.DefaultFileLockManager] Lock acquired on daemon addresses registry.
2025-12-23T13:30:27.321+0500 [DEBUG] [org.gradle.cache.internal.DefaultFileLockManager] Releasing lock on daemon addresses registry.
2025-12-23T13:30:27.322+0500 [DEBUG] [org.gradle.cache.internal.DefaultFileLockManager] Waiting to acquire shared lock on daemon addresses registry.
2025-12-23T13:30:27.322+0500 [DEBUG] [org.gradle.cache.internal.DefaultFileLockManager] Lock acquired on daemon addresses registry.
2025-12-23T13:30:27.322+0500 [DEBUG] [org.gradle.cache.internal.DefaultFileLockManager] Releasing lock on daemon addresses registry.
2025-12-23T13:30:27.322+0500 [DEBUG] [org.gradle.cache.internal.DefaultFileLockManager] Waiting to acquire shared lock on daemon addresses registry.
2025-12-23T13:30:27.323+0500 [DEBUG] [org.gradle.cache.internal.DefaultFileLockManager] Lock acquired on daemon addresses registry.
2025-12-23T13:30:27.323+0500 [DEBUG] [org.gradle.cache.internal.DefaultFileLockManager] Releasing lock on daemon addresses registry.
2025-12-23T13:30:37.319+0500 [DEBUG] [org.gradle.cache.internal.DefaultFileLockManager] Waiting to acquire shared lock on daemon addresses registry.
2025-12-23T13:30:37.320+0500 [DEBUG] [org.gradle.cache.internal.DefaultFileLockManager] Lock acquired on daemon addresses registry.
2025-12-23T13:30:37.320+0500 [DEBUG] [org.gradle.cache.internal.DefaultFileLockManager] Releasing lock on daemon addresses registry.
2025-12-23T13:30:37.320+0500 [DEBUG] [org.gradle.cache.internal.DefaultFileLockManager] Waiting to acquire shared lock on daemon addresses registry.
2025-12-23T13:30:37.321+0500 [DEBUG] [org.gradle.cache.internal.DefaultFileLockManager] Lock acquired on daemon addresses registry.
2025-12-23T13:30:37.322+0500 [DEBUG] [org.gradle.cache.internal.DefaultFileLockManager] Releasing lock on daemon addresses registry.
2025-12-23T13:30:37.323+0500 [DEBUG] [org.gradle.cache.internal.DefaultFileLockManager] Waiting to acquire shared lock on daemon addresses registry.
2025-12-23T13:30:37.324+0500 [DEBUG] [org.gradle.cache.internal.DefaultFileLockManager] Lock acquired on daemon addresses registry.
2025-12-23T13:30:37.324+0500 [DEBUG] [org.gradle.cache.internal.DefaultFileLockManager] Releasing lock on daemon addresses registry.
2025-12-23T13:30:47.320+0500 [DEBUG] [org.gradle.cache.internal.DefaultFileLockManager] Waiting to acquire shared lock on daemon addresses registry.
2025-12-23T13:30:47.321+0500 [DEBUG] [org.gradle.cache.internal.DefaultFileLockManager] Lock acquired on daemon addresses registry.
2025-12-23T13:30:47.322+0500 [DEBUG] [org.gradle.cache.internal.DefaultFileLockManager] Releasing lock on daemon addresses registry.
2025-12-23T13:30:47.323+0500 [DEBUG] [org.gradle.cache.internal.DefaultFileLockManager] Waiting to acquire shared lock on daemon addresses registry.
2025-12-23T13:30:47.323+0500 [DEBUG] [org.gradle.cache.internal.DefaultFileLockManager] Lock acquired on daemon addresses registry.
2025-12-23T13:30:47.323+0500 [DEBUG] [org.gradle.cache.internal.DefaultFileLockManager] Releasing lock on daemon addresses registry.
2025-12-23T13:30:47.324+0500 [DEBUG] [org.gradle.cache.internal.DefaultFileLockManager] Waiting to acquire shared lock on daemon addresses registry.
2025-12-23T13:30:47.324+0500 [DEBUG] [org.gradle.cache.internal.DefaultFileLockManager] Lock acquired on daemon addresses registry.
2025-12-23T13:30:47.324+0500 [DEBUG] [org.gradle.cache.internal.DefaultFileLockManager] Releasing lock on daemon addresses registry.
2025-12-23T13:30:57.319+0500 [DEBUG] [org.gradle.cache.internal.DefaultFileLockManager] Waiting to acquire shared lock on daemon addresses registry.
2025-12-23T13:30:57.319+0500 [DEBUG] [org.gradle.cache.internal.DefaultFileLockManager] Lock acquired on daemon addresses registry.
2025-12-23T13:30:57.319+0500 [DEBUG] [org.gradle.cache.internal.DefaultFileLockManager] Releasing lock on daemon addresses registry.
2025-12-23T13:30:57.320+0500 [DEBUG] [org.gradle.cache.internal.DefaultFileLockManager] Waiting to acquire shared lock on daemon addresses registry.
2025-12-23T13:30:57.320+0500 [DEBUG] [org.gradle.cache.internal.DefaultFileLockManager] Lock acquired on daemon addresses registry.
2025-12-23T13:30:57.320+0500 [DEBUG] [org.gradle.cache.internal.DefaultFileLockManager] Releasing lock on daemon addresses registry.
2025-12-23T13:30:57.320+0500 [DEBUG] [org.gradle.cache.internal.DefaultFileLockManager] Waiting to acquire shared lock on daemon addresses registry.
2025-12-23T13:30:57.320+0500 [DEBUG] [org.gradle.cache.internal.DefaultFileLockManager] Lock acquired on daemon addresses registry.
2025-12-23T13:30:57.320+0500 [DEBUG] [org.gradle.cache.internal.DefaultFileLockManager] Releasing lock on daemon addresses registry.
2025-12-23T13:31:07.320+0500 [DEBUG] [org.gradle.cache.internal.DefaultFileLockManager] Waiting to acquire shared lock on daemon addresses registry.
2025-12-23T13:31:07.321+0500 [DEBUG] [org.gradle.cache.internal.DefaultFileLockManager] Lock acquired on daemon addresses registry.
2025-12-23T13:31:07.322+0500 [DEBUG] [org.gradle.cache.internal.DefaultFileLockManager] Releasing lock on daemon addresses registry.
2025-12-23T13:31:07.322+0500 [DEBUG] [org.gradle.cache.internal.DefaultFileLockManager] Waiting to acquire shared lock on daemon addresses registry.
2025-12-23T13:31:07.323+0500 [DEBUG] [org.gradle.cache.internal.DefaultFileLockManager] Lock acquired on daemon addresses registry.
2025-12-23T13:31:07.323+0500 [DEBUG] [org.gradle.cache.internal.DefaultFileLockManager] Releasing lock on daemon addresses registry.
2025-12-23T13:31:07.324+0500 [DEBUG] [org.gradle.cache.internal.DefaultFileLockManager] Waiting to acquire shared lock on daemon addresses registry.
2025-12-23T13:31:07.324+0500 [DEBUG] [org.gradle.cache.internal.DefaultFileLockManager] Lock acquired on daemon addresses registry.
2025-12-23T13:31:07.324+0500 [DEBUG] [org.gradle.cache.internal.DefaultFileLockManager] Releasing lock on daemon addresses registry.
2025-12-23T13:31:17.320+0500 [DEBUG] [org.gradle.cache.internal.DefaultFileLockManager] Waiting to acquire shared lock on daemon addresses registry.
2025-12-23T13:31:17.321+0500 [DEBUG] [org.gradle.cache.internal.DefaultFileLockManager] Lock acquired on daemon addresses registry.
2025-12-23T13:31:17.321+0500 [DEBUG] [org.gradle.cache.internal.DefaultFileLockManager] Releasing lock on daemon addresses registry.
2025-12-23T13:31:17.321+0500 [DEBUG] [org.gradle.cache.internal.DefaultFileLockManager] Waiting to acquire shared lock on daemon addresses registry.
2025-12-23T13:31:17.321+0500 [DEBUG] [org.gradle.cache.internal.DefaultFileLockManager] Lock acquired on daemon addresses registry.
2025-12-23T13:31:17.322+0500 [DEBUG] [org.gradle.cache.internal.DefaultFileLockManager] Releasing lock on daemon addresses registry.
2025-12-23T13:31:17.322+0500 [DEBUG] [org.gradle.cache.internal.DefaultFileLockManager] Waiting to acquire shared lock on daemon addresses registry.
2025-12-23T13:31:17.322+0500 [DEBUG] [org.gradle.cache.internal.DefaultFileLockManager] Lock acquired on daemon addresses registry.
2025-12-23T13:31:17.322+0500 [DEBUG] [org.gradle.cache.internal.DefaultFileLockManager] Releasing lock on daemon addresses registry.
2025-12-23T13:31:27.320+0500 [DEBUG] [org.gradle.cache.internal.DefaultFileLockManager] Waiting to acquire shared lock on daemon addresses registry.
2025-12-23T13:31:27.320+0500 [DEBUG] [org.gradle.cache.internal.DefaultFileLockManager] Lock acquired on daemon addresses registry.
2025-12-23T13:31:27.321+0500 [DEBUG] [org.gradle.cache.internal.DefaultFileLockManager] Releasing lock on daemon addresses registry.
2025-12-23T13:31:27.322+0500 [DEBUG] [org.gradle.cache.internal.DefaultFileLockManager] Waiting to acquire shared lock on daemon addresses registry.
2025-12-23T13:31:27.322+0500 [DEBUG] [org.gradle.cache.internal.DefaultFileLockManager] Lock acquired on daemon addresses registry.
2025-12-23T13:31:27.322+0500 [DEBUG] [org.gradle.cache.internal.DefaultFileLockManager] Releasing lock on daemon addresses registry.
2025-12-23T13:31:27.322+0500 [DEBUG] [org.gradle.cache.internal.DefaultFileLockManager] Waiting to acquire shared lock on daemon addresses registry.
2025-12-23T13:31:27.323+0500 [DEBUG] [org.gradle.cache.internal.DefaultFileLockManager] Lock acquired on daemon addresses registry.
2025-12-23T13:31:27.323+0500 [DEBUG] [org.gradle.cache.internal.DefaultFileLockManager] Releasing lock on daemon addresses registry.
2025-12-23T13:31:37.320+0500 [DEBUG] [org.gradle.cache.internal.DefaultFileLockManager] Waiting to acquire shared lock on daemon addresses registry.
2025-12-23T13:31:37.320+0500 [DEBUG] [org.gradle.cache.internal.DefaultFileLockManager] Lock acquired on daemon addresses registry.
2025-12-23T13:31:37.321+0500 [DEBUG] [org.gradle.cache.internal.DefaultFileLockManager] Releasing lock on daemon addresses registry.
2025-12-23T13:31:37.321+0500 [DEBUG] [org.gradle.cache.internal.DefaultFileLockManager] Waiting to acquire shared lock on daemon addresses registry.
2025-12-23T13:31:37.321+0500 [DEBUG] [org.gradle.cache.internal.DefaultFileLockManager] Lock acquired on daemon addresses registry.
2025-12-23T13:31:37.321+0500 [DEBUG] [org.gradle.cache.internal.DefaultFileLockManager] Releasing lock on daemon addresses registry.
2025-12-23T13:31:37.321+0500 [DEBUG] [org.gradle.cache.internal.DefaultFileLockManager] Waiting to acquire shared lock on daemon addresses registry.
2025-12-23T13:31:37.322+0500 [DEBUG] [org.gradle.cache.internal.DefaultFileLockManager] Lock acquired on daemon addresses registry.
2025-12-23T13:31:37.322+0500 [DEBUG] [org.gradle.cache.internal.DefaultFileLockManager] Releasing lock on daemon addresses registry.
2025-12-23T13:31:47.320+0500 [DEBUG] [org.gradle.cache.internal.DefaultFileLockManager] Waiting to acquire shared lock on daemon addresses registry.
2025-12-23T13:31:47.320+0500 [DEBUG] [org.gradle.cache.internal.DefaultFileLockManager] Lock acquired on daemon addresses registry.
2025-12-23T13:31:47.320+0500 [DEBUG] [org.gradle.cache.internal.DefaultFileLockManager] Releasing lock on daemon addresses registry.
2025-12-23T13:31:47.321+0500 [DEBUG] [org.gradle.cache.internal.DefaultFileLockManager] Waiting to acquire shared lock on daemon addresses registry.
2025-12-23T13:31:47.321+0500 [DEBUG] [org.gradle.cache.internal.DefaultFileLockManager] Lock acquired on daemon addresses registry.
2025-12-23T13:31:47.321+0500 [DEBUG] [org.gradle.cache.internal.DefaultFileLockManager] Releasing lock on daemon addresses registry.
2025-12-23T13:31:47.322+0500 [DEBUG] [org.gradle.cache.internal.DefaultFileLockManager] Waiting to acquire shared lock on daemon addresses registry.
2025-12-23T13:31:47.322+0500 [DEBUG] [org.gradle.cache.internal.DefaultFileLockManager] Lock acquired on daemon addresses registry.
2025-12-23T13:31:47.322+0500 [DEBUG] [org.gradle.cache.internal.DefaultFileLockManager] Releasing lock on daemon addresses registry.
2025-12-23T13:31:57.320+0500 [DEBUG] [org.gradle.cache.internal.DefaultFileLockManager] Waiting to acquire shared lock on daemon addresses registry.
2025-12-23T13:31:57.321+0500 [DEBUG] [org.gradle.cache.internal.DefaultFileLockManager] Lock acquired on daemon addresses registry.
2025-12-23T13:31:57.321+0500 [DEBUG] [org.gradle.cache.internal.DefaultFileLockManager] Releasing lock on daemon addresses registry.
2025-12-23T13:31:57.322+0500 [DEBUG] [org.gradle.cache.internal.DefaultFileLockManager] Waiting to acquire shared lock on daemon addresses registry.
2025-12-23T13:31:57.322+0500 [DEBUG] [org.gradle.cache.internal.DefaultFileLockManager] Lock acquired on daemon addresses registry.
2025-12-23T13:31:57.322+0500 [DEBUG] [org.gradle.cache.internal.DefaultFileLockManager] Releasing lock on daemon addresses registry.
2025-12-23T13:31:57.322+0500 [DEBUG] [org.gradle.cache.internal.DefaultFileLockManager] Waiting to acquire shared lock on daemon addresses registry.
2025-12-23T13:31:57.322+0500 [DEBUG] [org.gradle.cache.internal.DefaultFileLockManager] Lock acquired on daemon addresses registry.
2025-12-23T13:31:57.322+0500 [DEBUG] [org.gradle.cache.internal.DefaultFileLockManager] Releasing lock on daemon addresses registry.
2025-12-23T13:32:07.320+0500 [DEBUG] [org.gradle.cache.internal.DefaultFileLockManager] Waiting to acquire shared lock on daemon addresses registry.
2025-12-23T13:32:07.320+0500 [DEBUG] [org.gradle.cache.internal.DefaultFileLockManager] Lock acquired on daemon addresses registry.
2025-12-23T13:32:07.321+0500 [DEBUG] [org.gradle.cache.internal.DefaultFileLockManager] Releasing lock on daemon addresses registry.
2025-12-23T13:32:07.321+0500 [DEBUG] [org.gradle.cache.internal.DefaultFileLockManager] Waiting to acquire shared lock on daemon addresses registry.
2025-12-23T13:32:07.321+0500 [DEBUG] [org.gradle.cache.internal.DefaultFileLockManager] Lock acquired on daemon addresses registry.
2025-12-23T13:32:07.321+0500 [DEBUG] [org.gradle.cache.internal.DefaultFileLockManager] Releasing lock on daemon addresses registry.
2025-12-23T13:32:07.321+0500 [DEBUG] [org.gradle.cache.internal.DefaultFileLockManager] Waiting to acquire shared lock on daemon addresses registry.
2025-12-23T13:32:07.322+0500 [DEBUG] [org.gradle.cache.internal.DefaultFileLockManager] Lock acquired on daemon addresses registry.
2025-12-23T13:32:07.322+0500 [DEBUG] [org.gradle.cache.internal.DefaultFileLockManager] Releasing lock on daemon addresses registry.
2025-12-23T13:32:17.320+0500 [DEBUG] [org.gradle.cache.internal.DefaultFileLockManager] Waiting to acquire shared lock on daemon addresses registry.
2025-12-23T13:32:17.320+0500 [DEBUG] [org.gradle.cache.internal.DefaultFileLockManager] Lock acquired on daemon addresses registry.
2025-12-23T13:32:17.321+0500 [DEBUG] [org.gradle.cache.internal.DefaultFileLockManager] Releasing lock on daemon addresses registry.
2025-12-23T13:32:17.321+0500 [DEBUG] [org.gradle.cache.internal.DefaultFileLockManager] Waiting to acquire shared lock on daemon addresses registry.
2025-12-23T13:32:17.322+0500 [DEBUG] [org.gradle.cache.internal.DefaultFileLockManager] Lock acquired on daemon addresses registry.
2025-12-23T13:32:17.322+0500 [DEBUG] [org.gradle.cache.internal.DefaultFileLockManager] Releasing lock on daemon addresses registry.
2025-12-23T13:32:17.322+0500 [DEBUG] [org.gradle.cache.internal.DefaultFileLockManager] Waiting to acquire shared lock on daemon addresses registry.
2025-12-23T13:32:17.322+0500 [DEBUG] [org.gradle.cache.internal.DefaultFileLockManager] Lock acquired on daemon addresses registry.
2025-12-23T13:32:17.323+0500 [DEBUG] [org.gradle.cache.internal.DefaultFileLockManager] Releasing lock on daemon addresses registry.
2025-12-23T13:32:27.321+0500 [DEBUG] [org.gradle.cache.internal.DefaultFileLockManager] Waiting to acquire shared lock on daemon addresses registry.
2025-12-23T13:32:27.321+0500 [DEBUG] [org.gradle.cache.internal.DefaultFileLockManager] Lock acquired on daemon addresses registry.
2025-12-23T13:32:27.321+0500 [DEBUG] [org.gradle.cache.internal.DefaultFileLockManager] Releasing lock on daemon addresses registry.
2025-12-23T13:32:27.322+0500 [DEBUG] [org.gradle.cache.internal.DefaultFileLockManager] Waiting to acquire shared lock on daemon addresses registry.
2025-12-23T13:32:27.322+0500 [DEBUG] [org.gradle.cache.internal.DefaultFileLockManager] Lock acquired on daemon addresses registry.
2025-12-23T13:32:27.322+0500 [DEBUG] [org.gradle.cache.internal.DefaultFileLockManager] Releasing lock on daemon addresses registry.
2025-12-23T13:32:27.322+0500 [DEBUG] [org.gradle.cache.internal.DefaultFileLockManager] Waiting to acquire shared lock on daemon addresses registry.
2025-12-23T13:32:27.322+0500 [DEBUG] [org.gradle.cache.internal.DefaultFileLockManager] Lock acquired on daemon addresses registry.
2025-12-23T13:32:27.322+0500 [DEBUG] [org.gradle.cache.internal.DefaultFileLockManager] Releasing lock on daemon addresses registry.
2025-12-23T13:32:32.297+0500 [DEBUG] [java.lang.Runtime] Runtime.exit() called with status: 143
java.lang.Throwable: Runtime.exit(143)
	at java.base/java.lang.Shutdown.logRuntimeExit(Shutdown.java:179)
	at java.base/java.lang.Shutdown.exit(Shutdown.java:160)
	at java.base/java.lang.Terminator$1.handle(Terminator.java:51)
	at java.base/jdk.internal.misc.Signal$1.run(Signal.java:218)
	at java.base/java.lang.Thread.run(Thread.java:1583)
Daemon vm is shutting down... The daemon has exited normally or was terminated in response to a user interrupt.
2025-12-23T13:32:32.298+0500 [DEBUG] [org.gradle.launcher.daemon.registry.PersistentDaemonRegistry] Removing daemon address: [d289c488-27e5-4b81-9fb3-f7f39651ec68 port:41055, addresses:[localhost/127.0.0.1]]
2025-12-23T13:32:32.299+0500 [DEBUG] [org.gradle.cache.internal.DefaultFileLockManager] Waiting to acquire exclusive lock on daemon addresses registry.
2025-12-23T13:32:32.300+0500 [DEBUG] [org.gradle.cache.internal.DefaultFileLockManager] Lock acquired on daemon addresses registry.
2025-12-23T13:32:32.300+0500 [DEBUG] [org.gradle.cache.internal.DefaultFileLockManager] Releasing lock on daemon addresses registry.
